#
# There is insufficient memory for the Java Runtime Environment to continue.
# Native memory allocation (mmap) failed to map 83361792 bytes for committing reserved memory.
# Possible reasons:
#   The system is out of physical RAM or swap space
#   In 32 bit mode, the process size limit was hit
# Possible solutions:
#   Reduce memory load on the system
#   Increase physical memory or swap space
#   Check if swap backing store is full
#   Use 64 bit Java on a 64 bit OS
#   Decrease Java heap size (-Xmx/-Xms)
#   Decrease number of Java threads
#   Decrease Java thread stack sizes (-Xss)
#   Set larger code cache with -XX:ReservedCodeCacheSize=
# This output file may be truncated or incomplete.
#
#  Out of Memory Error (os_linux.cpp:2640), pid=23095, tid=0x00007f1ccd614700
#
# JRE version: OpenJDK Runtime Environment (8.0_172-b01) (build 1.8.0_172-b01)
# Java VM: OpenJDK 64-Bit Server VM (25.172-b01 mixed mode linux-amd64 compressed oops)
# Failed to write core dump. Core dumps have been disabled. To enable core dumping, try "ulimit -c unlimited" before starting Java again
#

---------------  T H R E A D  ---------------

Current thread (0x00007f1ce0145000):  VMThread [stack: 0x00007f1ccd515000,0x00007f1ccd615000] [id=23107]

Stack: [0x00007f1ccd515000,0x00007f1ccd615000],  sp=0x00007f1ccd613210,  free space=1016k
Native frames: (J=compiled Java code, j=interpreted, Vv=VM code, C=native code)
V  [libjvm.so+0xa3e58e]  VMError::report_and_die()+0x14e
V  [libjvm.so+0x4dde69]  report_vm_out_of_memory(char const*, int, unsigned long, VMErrorType, char const*)+0x99
V  [libjvm.so+0x8af053]  os::Linux::commit_memory_impl(char*, unsigned long, bool)+0x113
V  [libjvm.so+0x8af279]  os::pd_commit_memory(char*, unsigned long, unsigned long, bool)+0x29
V  [libjvm.so+0x8a681a]  os::commit_memory(char*, unsigned long, unsigned long, bool)+0x2a
V  [libjvm.so+0x913f1b]  PSVirtualSpace::expand_by(unsigned long)+0x6b
V  [libjvm.so+0x9151d8]  PSYoungGen::resize_generation(unsigned long, unsigned long)+0xb8
V  [libjvm.so+0x914312]  PSYoungGen::resize(unsigned long, unsigned long)+0x22
V  [libjvm.so+0x91177c]  PSScavenge::invoke_no_policy()+0xfdc
V  [libjvm.so+0x911f33]  PSScavenge::invoke()+0x43
V  [libjvm.so+0x8cc76d]  ParallelScavengeHeap::failed_mem_allocate(unsigned long)+0x6d
V  [libjvm.so+0xa3ffa7]  VM_ParallelGCFailedAllocation::doit()+0x97
V  [libjvm.so+0xa46982]  VM_Operation::evaluate()+0x52
V  [libjvm.so+0xa44ea1]  VMThread::evaluate_operation(VM_Operation*)+0xb1
V  [libjvm.so+0xa452f3]  VMThread::loop()+0x1c3
V  [libjvm.so+0xa457c2]  VMThread::run()+0x72
V  [libjvm.so+0x8af3d2]  java_start(Thread*)+0x122

VM_Operation (0x00007f1cbccf87e0): ParallelGCFailedAllocation, mode: safepoint, requested by thread 0x00007f1c8c003000


---------------  P R O C E S S  ---------------

Java Threads: ( => current thread )
  0x00007f1c80936000 JavaThread "Tomcat JDBC Pool Cleaner[414493378:1535634943592]" daemon [_thread_blocked, id=23141, stack(0x00007f1c7edea000,0x00007f1c7eeeb000)]
  0x00007f1c808e1800 JavaThread "container-0" [_thread_blocked, id=23140, stack(0x00007f1c7eeeb000,0x00007f1c7efec000)]
  0x00007f1c808de800 JavaThread "ContainerBackgroundProcessor[StandardEngine[Tomcat]]" daemon [_thread_blocked, id=23139, stack(0x00007f1c7efec000,0x00007f1c7f0ed000)]
  0x00007f1c84240800 JavaThread "localhost-startStop-1" daemon [_thread_blocked, id=23138, stack(0x00007f1cbc8f1000,0x00007f1cbc9f2000)]
  0x00007f1c808dd800 JavaThread "Tomcat-startStop-1" daemon [_thread_blocked, id=23137, stack(0x00007f1c7faed000,0x00007f1c7fbee000)]
  0x00007f1c8c003000 JavaThread "restartedMain" [_thread_blocked, id=23127, stack(0x00007f1cbcbfb000,0x00007f1cbccfc000)]
  0x00007f1ce05aa800 JavaThread "Thread-0" [_thread_blocked, id=23126, stack(0x00007f1cbccfc000,0x00007f1cbcdfd000)]
  0x00007f1ce038c800 JavaThread "Service Thread" daemon [_thread_blocked, id=23124, stack(0x00007f1cbcefe000,0x00007f1cbcfff000)]
  0x00007f1ce0365800 JavaThread "C1 CompilerThread2" daemon [_thread_blocked, id=23123, stack(0x00007f1ccc037000,0x00007f1ccc137000)]
  0x00007f1ce0363000 JavaThread "C2 CompilerThread1" daemon [_thread_blocked, id=23122, stack(0x00007f1ccc138000,0x00007f1ccc238000)]
  0x00007f1ce0361800 JavaThread "C2 CompilerThread0" daemon [_thread_blocked, id=23121, stack(0x00007f1ccc239000,0x00007f1ccc339000)]
  0x00007f1ce0360000 JavaThread "Monitor Ctrl-Break" daemon [_thread_in_native, id=23120, stack(0x00007f1ccc339000,0x00007f1ccc43a000)]
  0x00007f1ce0185000 JavaThread "Signal Dispatcher" daemon [_thread_blocked, id=23119, stack(0x00007f1ccc6bb000,0x00007f1ccc7bc000)]
  0x00007f1ce0151000 JavaThread "Finalizer" daemon [_thread_blocked, id=23112, stack(0x00007f1ccd312000,0x00007f1ccd413000)]
  0x00007f1ce014c800 JavaThread "Reference Handler" daemon [_thread_blocked, id=23110, stack(0x00007f1ccd413000,0x00007f1ccd514000)]
  0x00007f1ce0010000 JavaThread "main" [_thread_blocked, id=23096, stack(0x00007f1ce6264000,0x00007f1ce6364000)]

Other Threads:
=>0x00007f1ce0145000 VMThread [stack: 0x00007f1ccd515000,0x00007f1ccd615000] [id=23107]
  0x00007f1ce038f000 WatcherThread [stack: 0x00007f1cbcdfe000,0x00007f1cbcefe000] [id=23125]

VM state:at safepoint (normal execution)

VM Mutex/Monitor currently owned by a thread:  ([mutex/lock_event])
[0x00007f1ce000c620] Threads_lock - owner thread: 0x00007f1ce0145000
[0x00007f1ce000cb20] Heap_lock - owner thread: 0x00007f1c8c003000

Heap:
 PSYoungGen      total 258048K, used 128K [0x00000000d7100000, 0x00000000e9980000, 0x0000000100000000)
  eden space 236544K, 0% used [0x00000000d7100000,0x00000000d7100000,0x00000000e5800000)
  from space 21504K, 0% used [0x00000000e5800000,0x00000000e5820000,0x00000000e6d00000)
  to   space 21504K, 0% used [0x00000000e6d00000,0x00000000e6d00000,0x00000000e8200000)
 ParOldGen       total 98816K, used 38322K [0x0000000085200000, 0x000000008b280000, 0x00000000d7100000)
  object space 98816K, 38% used [0x0000000085200000,0x000000008776c9d8,0x000000008b280000)
 Metaspace       used 46428K, capacity 46964K, committed 47320K, reserved 1091584K
  class space    used 5844K, capacity 6002K, committed 6104K, reserved 1048576K

Card table byte_map: [0x00007f1ccf9d5000,0x00007f1ccfdad000] byte_map_base: 0x00007f1ccf5ac000

Marking Bits: (ParMarkBitMap*) 0x00007f1ce5701c40
 Begin Bits: [0x00007f1cc4290000, 0x00007f1cc6148000)
 End Bits:   [0x00007f1cc6148000, 0x00007f1cc8000000)

Polling page: 0x00007f1ce637e000

CodeCache: size=245760Kb used=14693Kb max_used=14697Kb free=231066Kb
 bounds [0x00007f1cd016d000, 0x00007f1cd0fdd000, 0x00007f1cdf16d000]
 total_blobs=4785 nmethods=4304 adapters=395
 compilation: enabled

Compilation events (10 events):
Event: 12,154 Thread 0x00007f1ce0365800 nmethod 4847 0x00007f1cd0fd14d0 code [0x00007f1cd0fd1680, 0x00007f1cd0fd1e48]
Event: 12,154 Thread 0x00007f1ce0365800 4848       3       org.postgresql.jdbc.PgPreparedStatement::<init> (47 bytes)
Event: 12,156 Thread 0x00007f1ce0365800 nmethod 4848 0x00007f1cd0fd2050 code [0x00007f1cd0fd2240, 0x00007f1cd0fd2b18]
Event: 12,156 Thread 0x00007f1ce0365800 4851       3       org.hibernate.engine.jdbc.internal.StatementPreparerImpl$StatementPreparationTemplate::setStatementTimeout (23 bytes)
Event: 12,156 Thread 0x00007f1ce0363000 nmethod 4854 0x00007f1cd0fc9810 code [0x00007f1cd0fc9960, 0x00007f1cd0fc9a78]
Event: 12,156 Thread 0x00007f1ce0365800 nmethod 4851 0x00007f1cd0fd5810 code [0x00007f1cd0fd59a0, 0x00007f1cd0fd5c58]
Event: 12,156 Thread 0x00007f1ce0365800 4852   !   3       org.hibernate.engine.jdbc.batch.internal.AbstractBatchImpl::execute (34 bytes)
Event: 12,157 Thread 0x00007f1ce0365800 nmethod 4852 0x00007f1cd0fd4e50 code [0x00007f1cd0fd5000, 0x00007f1cd0fd5678]
Event: 12,157 Thread 0x00007f1ce0365800 4853       3       org.hibernate.engine.jdbc.batch.internal.AbstractBatchImpl::notifyObserversExplicitExecution (37 bytes)
Event: 12,158 Thread 0x00007f1ce0365800 nmethod 4853 0x00007f1cd0fd4210 code [0x00007f1cd0fd43e0, 0x00007f1cd0fd4ba8]

GC Heap History (10 events):
Event: 8,851 GC heap after
Heap after GC invocations=10 (full 1):
 PSYoungGen      total 158720K, used 13301K [0x00000000d7100000, 0x00000000e4e00000, 0x0000000100000000)
  eden space 145408K, 0% used [0x00000000d7100000,0x00000000d7100000,0x00000000dff00000)
  from space 13312K, 99% used [0x00000000dff00000,0x00000000e0bfd598,0x00000000e0c00000)
  to   space 16896K, 0% used [0x00000000e3d80000,0x00000000e3d80000,0x00000000e4e00000)
 ParOldGen       total 57344K, used 15313K [0x0000000085200000, 0x0000000088a00000, 0x00000000d7100000)
  object space 57344K, 26% used [0x0000000085200000,0x00000000860f47c0,0x0000000088a00000)
 Metaspace       used 34818K, capacity 35182K, committed 35416K, reserved 1081344K
  class space    used 4268K, capacity 4369K, committed 4440K, reserved 1048576K
}
Event: 8,851 GC heap before
{Heap before GC invocations=11 (full 2):
 PSYoungGen      total 158720K, used 13301K [0x00000000d7100000, 0x00000000e4e00000, 0x0000000100000000)
  eden space 145408K, 0% used [0x00000000d7100000,0x00000000d7100000,0x00000000dff00000)
  from space 13312K, 99% used [0x00000000dff00000,0x00000000e0bfd598,0x00000000e0c00000)
  to   space 16896K, 0% used [0x00000000e3d80000,0x00000000e3d80000,0x00000000e4e00000)
 ParOldGen       total 57344K, used 15313K [0x0000000085200000, 0x0000000088a00000, 0x00000000d7100000)
  object space 57344K, 26% used [0x0000000085200000,0x00000000860f47c0,0x0000000088a00000)
 Metaspace       used 34818K, capacity 35182K, committed 35416K, reserved 1081344K
  class space    used 4268K, capacity 4369K, committed 4440K, reserved 1048576K
Event: 8,979 GC heap after
Heap after GC invocations=11 (full 2):
 PSYoungGen      total 158720K, used 0K [0x00000000d7100000, 0x00000000e4e00000, 0x0000000100000000)
  eden space 145408K, 0% used [0x00000000d7100000,0x00000000d7100000,0x00000000dff00000)
  from space 13312K, 0% used [0x00000000dff00000,0x00000000dff00000,0x00000000e0c00000)
  to   space 16896K, 0% used [0x00000000e3d80000,0x00000000e3d80000,0x00000000e4e00000)
 ParOldGen       total 98816K, used 22769K [0x0000000085200000, 0x000000008b280000, 0x00000000d7100000)
  object space 98816K, 23% used [0x0000000085200000,0x000000008683c768,0x000000008b280000)
 Metaspace       used 34818K, capacity 35182K, committed 35416K, reserved 1081344K
  class space    used 4268K, capacity 4369K, committed 4440K, reserved 1048576K
}
Event: 10,717 GC heap before
{Heap before GC invocations=12 (full 2):
 PSYoungGen      total 158720K, used 145408K [0x00000000d7100000, 0x00000000e4e00000, 0x0000000100000000)
  eden space 145408K, 100% used [0x00000000d7100000,0x00000000dff00000,0x00000000dff00000)
  from space 13312K, 0% used [0x00000000dff00000,0x00000000dff00000,0x00000000e0c00000)
  to   space 16896K, 0% used [0x00000000e3d80000,0x00000000e3d80000,0x00000000e4e00000)
 ParOldGen       total 98816K, used 22769K [0x0000000085200000, 0x000000008b280000, 0x00000000d7100000)
  object space 98816K, 23% used [0x0000000085200000,0x000000008683c768,0x000000008b280000)
 Metaspace       used 43855K, capacity 44326K, committed 44632K, reserved 1087488K
  class space    used 5578K, capacity 5685K, committed 5720K, reserved 1048576K
Event: 10,740 GC heap after
Heap after GC invocations=12 (full 2):
 PSYoungGen      total 200704K, used 16894K [0x00000000d7100000, 0x00000000e4e00000, 0x0000000100000000)
  eden space 183808K, 0% used [0x00000000d7100000,0x00000000d7100000,0x00000000e2480000)
  from space 16896K, 99% used [0x00000000e3d80000,0x00000000e4dffb80,0x00000000e4e00000)
  to   space 20480K, 0% used [0x00000000e2600000,0x00000000e2600000,0x00000000e3a00000)
 ParOldGen       total 98816K, used 25498K [0x0000000085200000, 0x000000008b280000, 0x00000000d7100000)
  object space 98816K, 25% used [0x0000000085200000,0x0000000086ae6970,0x000000008b280000)
 Metaspace       used 43855K, capacity 44326K, committed 44632K, reserved 1087488K
  class space    used 5578K, capacity 5685K, committed 5720K, reserved 1048576K
}
Event: 11,775 GC heap before
{Heap before GC invocations=13 (full 2):
 PSYoungGen      total 200704K, used 200702K [0x00000000d7100000, 0x00000000e4e00000, 0x0000000100000000)
  eden space 183808K, 100% used [0x00000000d7100000,0x00000000e2480000,0x00000000e2480000)
  from space 16896K, 99% used [0x00000000e3d80000,0x00000000e4dffb80,0x00000000e4e00000)
  to   space 20480K, 0% used [0x00000000e2600000,0x00000000e2600000,0x00000000e3a00000)
 ParOldGen       total 98816K, used 25498K [0x0000000085200000, 0x000000008b280000, 0x00000000d7100000)
  object space 98816K, 25% used [0x0000000085200000,0x0000000086ae6970,0x000000008b280000)
 Metaspace       used 46354K, capacity 46876K, committed 47320K, reserved 1091584K
  class space    used 5841K, capacity 5998K, committed 6104K, reserved 1048576K
Event: 11,802 GC heap after
Heap after GC invocations=13 (full 2):
 PSYoungGen      total 205824K, used 14535K [0x00000000d7100000, 0x00000000e8200000, 0x0000000100000000)
  eden space 185344K, 0% used [0x00000000d7100000,0x00000000d7100000,0x00000000e2600000)
  from space 20480K, 70% used [0x00000000e2600000,0x00000000e3431f30,0x00000000e3a00000)
  to   space 21504K, 0% used [0x00000000e6d00000,0x00000000e6d00000,0x00000000e8200000)
 ParOldGen       total 98816K, used 25498K [0x0000000085200000, 0x000000008b280000, 0x00000000d7100000)
  object space 98816K, 25% used [0x0000000085200000,0x0000000086ae6970,0x000000008b280000)
 Metaspace       used 46354K, capacity 46876K, committed 47320K, reserved 1091584K
  class space    used 5841K, capacity 5998K, committed 6104K, reserved 1048576K
}
Event: 11,975 GC heap before
{Heap before GC invocations=14 (full 2):
 PSYoungGen      total 205824K, used 199879K [0x00000000d7100000, 0x00000000e8200000, 0x0000000100000000)
  eden space 185344K, 100% used [0x00000000d7100000,0x00000000e2600000,0x00000000e2600000)
  from space 20480K, 70% used [0x00000000e2600000,0x00000000e3431f30,0x00000000e3a00000)
  to   space 21504K, 0% used [0x00000000e6d00000,0x00000000e6d00000,0x00000000e8200000)
 ParOldGen       total 98816K, used 25498K [0x0000000085200000, 0x000000008b280000, 0x00000000d7100000)
  object space 98816K, 25% used [0x0000000085200000,0x0000000086ae6970,0x000000008b280000)
 Metaspace       used 46368K, capacity 46888K, committed 47320K, reserved 1091584K
  class space    used 5843K, capacity 6000K, committed 6104K, reserved 1048576K
Event: 11,997 GC heap after
Heap after GC invocations=14 (full 2):
 PSYoungGen      total 258048K, used 12808K [0x00000000d7100000, 0x00000000e9980000, 0x0000000100000000)
  eden space 236544K, 0% used [0x00000000d7100000,0x00000000d7100000,0x00000000e5800000)
  from space 21504K, 59% used [0x00000000e6d00000,0x00000000e7982070,0x00000000e8200000)
  to   space 21504K, 0% used [0x00000000e5800000,0x00000000e5800000,0x00000000e6d00000)
 ParOldGen       total 98816K, used 25506K [0x0000000085200000, 0x000000008b280000, 0x00000000d7100000)
  object space 98816K, 25% used [0x0000000085200000,0x0000000086ae8970,0x000000008b280000)
 Metaspace       used 46368K, capacity 46888K, committed 47320K, reserved 1091584K
  class space    used 5843K, capacity 6000K, committed 6104K, reserved 1048576K
}
Event: 12,175 GC heap before
{Heap before GC invocations=15 (full 2):
 PSYoungGen      total 258048K, used 249352K [0x00000000d7100000, 0x00000000e9980000, 0x0000000100000000)
  eden space 236544K, 100% used [0x00000000d7100000,0x00000000e5800000,0x00000000e5800000)
  from space 21504K, 59% used [0x00000000e6d00000,0x00000000e7982070,0x00000000e8200000)
  to   space 21504K, 0% used [0x00000000e5800000,0x00000000e5800000,0x00000000e6d00000)
 ParOldGen       total 98816K, used 25506K [0x0000000085200000, 0x000000008b280000, 0x00000000d7100000)
  object space 98816K, 25% used [0x0000000085200000,0x0000000086ae8970,0x000000008b280000)
 Metaspace       used 46428K, capacity 46964K, committed 47320K, reserved 1091584K
  class space    used 5844K, capacity 6002K, committed 6104K, reserved 1048576K

Deoptimization events (10 events):
Event: 11,646 Thread 0x00007f1c8c003000 Uncommon trap: reason=unstable_if action=reinterpret pc=0x00007f1cd03e3b48 method=java.util.regex.Pattern.matcher(Ljava/lang/CharSequence;)Ljava/util/regex/Matcher; @ 4
Event: 11,647 Thread 0x00007f1c8c003000 Uncommon trap: reason=unstable_if action=reinterpret pc=0x00007f1cd0b5abf0 method=java.util.regex.Matcher.find()Z @ 10
Event: 11,651 Thread 0x00007f1c8c003000 Uncommon trap: reason=class_check action=maybe_recompile pc=0x00007f1cd0ab63e0 method=java.lang.reflect.Array.newInstance(Ljava/lang/Class;I)Ljava/lang/Object; @ 2
Event: 11,661 Thread 0x00007f1c8c003000 Uncommon trap: reason=unstable_if action=reinterpret pc=0x00007f1cd04142cc method=java.lang.String.indexOf([CII[CIII)I @ 27
Event: 11,693 Thread 0x00007f1c8c003000 Uncommon trap: reason=unstable_if action=reinterpret pc=0x00007f1cd0dc980c method=java.util.regex.Pattern$StartS.match(Ljava/util/regex/Matcher;ILjava/lang/CharSequence;)Z @ 10
Event: 11,710 Thread 0x00007f1c8c003000 Uncommon trap: reason=unstable_if action=reinterpret pc=0x00007f1cd0df383c method=com.github.pffy.chinese.HanyuPinyin.convert()V @ 72
Event: 11,710 Thread 0x00007f1c8c003000 Uncommon trap: reason=unstable_if action=reinterpret pc=0x00007f1cd0460d9c method=java.util.regex.Pattern$BitClass.isSatisfiedBy(I)Z @ 4
Event: 11,762 Thread 0x00007f1c8c003000 Uncommon trap: reason=unstable_if action=reinterpret pc=0x00007f1cd0f3b74c method=sun.nio.cs.UTF_8$Encoder.encode([CII[B)I @ 95
Event: 11,840 Thread 0x00007f1c8c003000 Uncommon trap: reason=class_check action=maybe_recompile pc=0x00007f1cd04692fc method=java.util.regex.Matcher.search(I)Z @ 86
Event: 12,145 Thread 0x00007f1c8c003000 Uncommon trap: reason=class_check action=maybe_recompile pc=0x00007f1cd04692fc method=java.util.regex.Matcher.search(I)Z @ 86

Classes redefined (0 events):
No events

Internal exceptions (10 events):
Event: 11,843 Thread 0x00007f1c8c003000 Exception <a 'java/lang/reflect/InvocationTargetException'> (0x00000000d95b0698) thrown at [/export/home/tester/jenkins/workspace/zulu8-silver-build-rhel64/zulu-src/hotspot/src/share/vm/runtime/reflection.cpp, line 1092]
Event: 11,894 Thread 0x00007f1c8c003000 Exception <a 'java/lang/reflect/InvocationTargetException'> (0x00000000dbdefd70) thrown at [/export/home/tester/jenkins/workspace/zulu8-silver-build-rhel64/zulu-src/hotspot/src/share/vm/runtime/reflection.cpp, line 1092]
Event: 11,932 Thread 0x00007f1c8c003000 Exception <a 'java/lang/reflect/InvocationTargetException'> (0x00000000de5c2d50) thrown at [/export/home/tester/jenkins/workspace/zulu8-silver-build-rhel64/zulu-src/hotspot/src/share/vm/runtime/reflection.cpp, line 1092]
Event: 11,961 Thread 0x00007f1c8c003000 Exception <a 'java/lang/reflect/InvocationTargetException'> (0x00000000e0cd99f8) thrown at [/export/home/tester/jenkins/workspace/zulu8-silver-build-rhel64/zulu-src/hotspot/src/share/vm/runtime/reflection.cpp, line 1092]
Event: 12,011 Thread 0x00007f1c8c003000 Exception <a 'java/lang/reflect/InvocationTargetException'> (0x00000000d7eeba78) thrown at [/export/home/tester/jenkins/workspace/zulu8-silver-build-rhel64/zulu-src/hotspot/src/share/vm/runtime/reflection.cpp, line 1092]
Event: 12,041 Thread 0x00007f1c8c003000 Exception <a 'java/lang/reflect/InvocationTargetException'> (0x00000000da5d5138) thrown at [/export/home/tester/jenkins/workspace/zulu8-silver-build-rhel64/zulu-src/hotspot/src/share/vm/runtime/reflection.cpp, line 1092]
Event: 12,064 Thread 0x00007f1c8c003000 Exception <a 'java/lang/reflect/InvocationTargetException'> (0x00000000dccb9bd0) thrown at [/export/home/tester/jenkins/workspace/zulu8-silver-build-rhel64/zulu-src/hotspot/src/share/vm/runtime/reflection.cpp, line 1092]
Event: 12,095 Thread 0x00007f1c8c003000 Exception <a 'java/lang/reflect/InvocationTargetException'> (0x00000000df3a2058) thrown at [/export/home/tester/jenkins/workspace/zulu8-silver-build-rhel64/zulu-src/hotspot/src/share/vm/runtime/reflection.cpp, line 1092]
Event: 12,116 Thread 0x00007f1c8c003000 Exception <a 'java/lang/reflect/InvocationTargetException'> (0x00000000e1a81658) thrown at [/export/home/tester/jenkins/workspace/zulu8-silver-build-rhel64/zulu-src/hotspot/src/share/vm/runtime/reflection.cpp, line 1092]
Event: 12,157 Thread 0x00007f1c8c003000 Exception <a 'java/lang/reflect/InvocationTargetException'> (0x00000000e41699d0) thrown at [/export/home/tester/jenkins/workspace/zulu8-silver-build-rhel64/zulu-src/hotspot/src/share/vm/runtime/reflection.cpp, line 1092]

Events (10 events):
Event: 11,964 Thread 0x00007f1c8c003000 DEOPT PACKING pc=0x00007f1cd0de3927 sp=0x00007f1cbccf88d0
Event: 11,964 Thread 0x00007f1c8c003000 DEOPT UNPACKING pc=0x00007f1cd01b44c4 sp=0x00007f1cbccf87b8 mode 0
Event: 11,975 Executing VM operation: ParallelGCFailedAllocation
Event: 11,997 Executing VM operation: ParallelGCFailedAllocation done
Event: 12,094 Thread 0x00007f1c8c003000 DEOPT PACKING pc=0x00007f1cd0f5af92 sp=0x00007f1cbccf5de0
Event: 12,094 Thread 0x00007f1c8c003000 DEOPT UNPACKING pc=0x00007f1cd01b44c4 sp=0x00007f1cbccf5c80 mode 0
Event: 12,145 Thread 0x00007f1c8c003000 Uncommon trap: trap_request=0xffffffde fr.pc=0x00007f1cd04692fc
Event: 12,145 Thread 0x00007f1c8c003000 DEOPT PACKING pc=0x00007f1cd04692fc sp=0x00007f1cbccf88f0
Event: 12,145 Thread 0x00007f1c8c003000 DEOPT UNPACKING pc=0x00007f1cd01b247a sp=0x00007f1cbccf88b8 mode 2
Event: 12,175 Executing VM operation: ParallelGCFailedAllocation


Dynamic libraries:
00400000-00401000 r-xp 00000000 08:01 2231489                            /home/user/.sdkman/candidates/java/8.0.172-zulu/bin/java
00600000-00601000 rw-p 00000000 08:01 2231489                            /home/user/.sdkman/candidates/java/8.0.172-zulu/bin/java
021ca000-021eb000 rw-p 00000000 00:00 0                                  [heap]
85200000-8b280000 rw-p 00000000 00:00 0 
8b280000-d7100000 ---p 00000000 00:00 0 
d7100000-e9980000 rw-p 00000000 00:00 0 
ee900000-100000000 ---p 00000000 00:00 0 
100000000-1005f6000 rw-p 00000000 00:00 0 
1005f6000-140000000 ---p 00000000 00:00 0 
7f1c68000000-7f1c68021000 rw-p 00000000 00:00 0 
7f1c68021000-7f1c6c000000 ---p 00000000 00:00 0 
7f1c70000000-7f1c70021000 rw-p 00000000 00:00 0 
7f1c70021000-7f1c74000000 ---p 00000000 00:00 0 
7f1c74000000-7f1c74021000 rw-p 00000000 00:00 0 
7f1c74021000-7f1c78000000 ---p 00000000 00:00 0 
7f1c78000000-7f1c78051000 rw-p 00000000 00:00 0 
7f1c78051000-7f1c7c000000 ---p 00000000 00:00 0 
7f1c7dfea000-7f1c7e02a000 rw-p 00000000 00:00 0 
7f1c7e02a000-7f1c7e1ea000 ---p 00000000 00:00 0 
7f1c7e1ea000-7f1c7e3ea000 rw-p 00000000 00:00 0 
7f1c7e3ea000-7f1c7e5ea000 rw-p 00000000 00:00 0 
7f1c7e5ea000-7f1c7e7ea000 rw-p 00000000 00:00 0 
7f1c7e7ea000-7f1c7e9ea000 rw-p 00000000 00:00 0 
7f1c7e9ea000-7f1c7ebea000 rw-p 00000000 00:00 0 
7f1c7ebea000-7f1c7edea000 rw-p 00000000 00:00 0 
7f1c7edea000-7f1c7eded000 ---p 00000000 00:00 0 
7f1c7eded000-7f1c7eeeb000 rw-p 00000000 00:00 0 
7f1c7eeeb000-7f1c7eeee000 ---p 00000000 00:00 0 
7f1c7eeee000-7f1c7efec000 rw-p 00000000 00:00 0 
7f1c7efec000-7f1c7efef000 ---p 00000000 00:00 0 
7f1c7efef000-7f1c7f2ed000 rw-p 00000000 00:00 0 
7f1c7f2ed000-7f1c7f4ed000 rw-p 00000000 00:00 0 
7f1c7f4ed000-7f1c7f6ed000 rw-p 00000000 00:00 0 
7f1c7f6ed000-7f1c7f8ed000 rw-p 00000000 00:00 0 
7f1c7f8ed000-7f1c7faed000 rw-p 00000000 00:00 0 
7f1c7faed000-7f1c7faf0000 ---p 00000000 00:00 0 
7f1c7faf0000-7f1c7fdee000 rw-p 00000000 00:00 0 
7f1c7fdee000-7f1c7fdff000 r-xp 00000000 08:01 2231531                    /home/user/.sdkman/candidates/java/8.0.172-zulu/jre/lib/amd64/libnio.so
7f1c7fdff000-7f1c7ffff000 ---p 00011000 08:01 2231531                    /home/user/.sdkman/candidates/java/8.0.172-zulu/jre/lib/amd64/libnio.so
7f1c7ffff000-7f1c80000000 rw-p 00011000 08:01 2231531                    /home/user/.sdkman/candidates/java/8.0.172-zulu/jre/lib/amd64/libnio.so
7f1c80000000-7f1c80dc4000 rw-p 00000000 00:00 0 
7f1c80dc4000-7f1c84000000 ---p 00000000 00:00 0 
7f1c84000000-7f1c84259000 rw-p 00000000 00:00 0 
7f1c84259000-7f1c88000000 ---p 00000000 00:00 0 
7f1c88000000-7f1c88021000 rw-p 00000000 00:00 0 
7f1c88021000-7f1c8c000000 ---p 00000000 00:00 0 
7f1c8c000000-7f1c8c021000 rw-p 00000000 00:00 0 
7f1c8c021000-7f1c90000000 ---p 00000000 00:00 0 
7f1c90000000-7f1c9146c000 rw-p 00000000 00:00 0 
7f1c9146c000-7f1c94000000 ---p 00000000 00:00 0 
7f1c94000000-7f1c94021000 rw-p 00000000 00:00 0 
7f1c94021000-7f1c98000000 ---p 00000000 00:00 0 
7f1c98000000-7f1c9959d000 rw-p 00000000 00:00 0 
7f1c9959d000-7f1c9c000000 ---p 00000000 00:00 0 
7f1c9c000000-7f1c9dcc5000 rw-p 00000000 00:00 0 
7f1c9dcc5000-7f1ca0000000 ---p 00000000 00:00 0 
7f1ca0000000-7f1ca0021000 rw-p 00000000 00:00 0 
7f1ca0021000-7f1ca4000000 ---p 00000000 00:00 0 
7f1ca4000000-7f1ca402b000 rw-p 00000000 00:00 0 
7f1ca402b000-7f1ca8000000 ---p 00000000 00:00 0 
7f1ca8000000-7f1ca8021000 rw-p 00000000 00:00 0 
7f1ca8021000-7f1cac000000 ---p 00000000 00:00 0 
7f1cac000000-7f1cac021000 rw-p 00000000 00:00 0 
7f1cac021000-7f1cb0000000 ---p 00000000 00:00 0 
7f1cb0000000-7f1cb0021000 rw-p 00000000 00:00 0 
7f1cb0021000-7f1cb4000000 ---p 00000000 00:00 0 
7f1cb4000000-7f1cb4282000 rw-p 00000000 00:00 0 
7f1cb4282000-7f1cb8000000 ---p 00000000 00:00 0 
7f1cb8000000-7f1cb8021000 rw-p 00000000 00:00 0 
7f1cb8021000-7f1cbc000000 ---p 00000000 00:00 0 
7f1cbc0f1000-7f1cbc2f1000 rw-p 00000000 00:00 0 
7f1cbc2f1000-7f1cbc4f1000 rw-p 00000000 00:00 0 
7f1cbc4f1000-7f1cbc6f1000 rw-p 00000000 00:00 0 
7f1cbc6f1000-7f1cbc8f1000 rw-p 00000000 00:00 0 
7f1cbc8f1000-7f1cbc8f4000 ---p 00000000 00:00 0 
7f1cbc8f4000-7f1cbc9f2000 rw-p 00000000 00:00 0 
7f1cbc9f2000-7f1cbc9fa000 r-xp 00000000 08:01 2231569                    /home/user/.sdkman/candidates/java/8.0.172-zulu/jre/lib/amd64/libmanagement.so
7f1cbc9fa000-7f1cbcbfa000 ---p 00008000 08:01 2231569                    /home/user/.sdkman/candidates/java/8.0.172-zulu/jre/lib/amd64/libmanagement.so
7f1cbcbfa000-7f1cbcbfb000 rw-p 00008000 08:01 2231569                    /home/user/.sdkman/candidates/java/8.0.172-zulu/jre/lib/amd64/libmanagement.so
7f1cbcbfb000-7f1cbcbfe000 ---p 00000000 00:00 0 
7f1cbcbfe000-7f1cbccfc000 rw-p 00000000 00:00 0 
7f1cbccfc000-7f1cbccff000 ---p 00000000 00:00 0 
7f1cbccff000-7f1cbcdfd000 rw-p 00000000 00:00 0 
7f1cbcdfd000-7f1cbcdfe000 ---p 00000000 00:00 0 
7f1cbcdfe000-7f1cbcefe000 rw-p 00000000 00:00 0 
7f1cbcefe000-7f1cbcf01000 ---p 00000000 00:00 0 
7f1cbcf01000-7f1cc0000000 rw-p 00000000 00:00 0 
7f1cc0000000-7f1cc0021000 rw-p 00000000 00:00 0 
7f1cc0021000-7f1cc4000000 ---p 00000000 00:00 0 
7f1cc4079000-7f1cc408f000 r-xp 00000000 08:01 2231549                    /home/user/.sdkman/candidates/java/8.0.172-zulu/jre/lib/amd64/libnet.so
7f1cc408f000-7f1cc428f000 ---p 00016000 08:01 2231549                    /home/user/.sdkman/candidates/java/8.0.172-zulu/jre/lib/amd64/libnet.so
7f1cc428f000-7f1cc4290000 rw-p 00016000 08:01 2231549                    /home/user/.sdkman/candidates/java/8.0.172-zulu/jre/lib/amd64/libnet.so
7f1cc4290000-7f1cc8000000 rw-p 00000000 00:00 0 
7f1cc8000000-7f1cc8021000 rw-p 00000000 00:00 0 
7f1cc8021000-7f1ccc000000 ---p 00000000 00:00 0 
7f1ccc02c000-7f1ccc031000 r--s 002f9000 08:01 2231613                    /home/user/.sdkman/candidates/java/8.0.172-zulu/jre/lib/charsets.jar
7f1ccc031000-7f1ccc036000 r--s 0009d000 08:01 2231528                    /home/user/.sdkman/candidates/java/8.0.172-zulu/jre/lib/jsse.jar
7f1ccc036000-7f1ccc037000 ---p 00000000 00:00 0 
7f1ccc037000-7f1ccc03a000 ---p 00000000 00:00 0 
7f1ccc03a000-7f1ccc137000 rw-p 00000000 00:00 0 
7f1ccc137000-7f1ccc138000 ---p 00000000 00:00 0 
7f1ccc138000-7f1ccc13b000 ---p 00000000 00:00 0 
7f1ccc13b000-7f1ccc238000 rw-p 00000000 00:00 0 
7f1ccc238000-7f1ccc239000 ---p 00000000 00:00 0 
7f1ccc239000-7f1ccc23c000 ---p 00000000 00:00 0 
7f1ccc23c000-7f1ccc339000 rw-p 00000000 00:00 0 
7f1ccc339000-7f1ccc33c000 ---p 00000000 00:00 0 
7f1ccc33c000-7f1ccc43a000 rw-p 00000000 00:00 0 
7f1ccc43a000-7f1ccc43c000 r--s 0001a000 08:01 1575695                    /home/user/Documents/Apps/idea-IU-181.5540.7/lib/idea_rt.jar
7f1ccc43c000-7f1ccc453000 r--s 000fc000 08:01 4463968                    /home/user/.m2/repository/org/springframework/spring-core/4.3.12.RELEASE/spring-core-4.3.12.RELEASE.jar
7f1ccc453000-7f1ccc454000 r--s 00028000 08:01 4463959                    /home/user/.m2/repository/org/webjars/jquery/3.2.1/jquery-3.2.1.jar
7f1ccc454000-7f1ccc456000 r--s 0008f000 08:01 4463976                    /home/user/.m2/repository/org/webjars/bootstrap/3.3.7/bootstrap-3.3.7.jar
7f1ccc456000-7f1ccc476000 r--s 000e6000 08:01 4595961                    /home/user/.m2/repository/org/springframework/boot/spring-boot-autoconfigure/1.5.8.RELEASE/spring-boot-autoconfigure-1.5.8.RELEASE.jar
7f1ccc476000-7f1ccc486000 r--s 00095000 08:01 4463965                    /home/user/.m2/repository/org/springframework/boot/spring-boot/1.5.8.RELEASE/spring-boot-1.5.8.RELEASE.jar
7f1ccc486000-7f1ccc48c000 r--s 0002f000 08:01 4463975                    /home/user/.m2/repository/org/springframework/boot/spring-boot-devtools/1.5.8.RELEASE/spring-boot-devtools-1.5.8.RELEASE.jar
7f1ccc48c000-7f1ccc49b000 r--s 001ae000 08:01 3809232                    /home/user/.m2/repository/com/h2database/h2/1.4.196/h2-1.4.196.jar
7f1ccc49b000-7f1ccc49d000 r--s 00062000 08:01 3809214                    /home/user/Documents/chinese-game/Chinese Game/lib/pffy-hanyupinyin-1-7.jar
7f1ccc49d000-7f1ccc4a4000 r--s 0009f000 08:01 4463966                    /home/user/.m2/repository/org/postgresql/postgresql/9.4.1212.jre7/postgresql-9.4.1212.jre7.jar
7f1ccc4a4000-7f1ccc4a7000 r--s 0000c000 08:01 6555805                    /home/user/.m2/repository/org/springframework/spring-aspects/4.3.12.RELEASE/spring-aspects-4.3.12.RELEASE.jar
7f1ccc4a7000-7f1ccc4a9000 r--s 00003000 08:01 4984232                    /home/user/.m2/repository/org/slf4j/jcl-over-slf4j/1.7.25/jcl-over-slf4j-1.7.25.jar
7f1ccc4a9000-7f1ccc4b7000 r--s 000ad000 08:01 4595967                    /home/user/.m2/repository/org/springframework/spring-beans/4.3.12.RELEASE/spring-beans-4.3.12.RELEASE.jar
7f1ccc4b7000-7f1ccc4bf000 r--s 0003a000 08:01 6555812                    /home/user/.m2/repository/org/springframework/spring-tx/4.3.12.RELEASE/spring-tx-4.3.12.RELEASE.jar
7f1ccc4bf000-7f1ccc4d8000 r--s 000fe000 08:01 4463986                    /home/user/.m2/repository/org/springframework/spring-context/4.3.12.RELEASE/spring-context-4.3.12.RELEASE.jar
7f1ccc4d8000-7f1ccc4e2000 r--s 0006b000 08:01 6555792                    /home/user/.m2/repository/org/springframework/spring-orm/4.3.12.RELEASE/spring-orm-4.3.12.RELEASE.jar
7f1ccc4e2000-7f1ccc4f5000 r--s 000ad000 08:01 4595953                    /home/user/.m2/repository/org/springframework/data/spring-data-commons/1.13.8.RELEASE/spring-data-commons-1.13.8.RELEASE.jar
7f1ccc4f5000-7f1ccc4fc000 r--s 00041000 08:01 4463960                    /home/user/.m2/repository/org/springframework/data/spring-data-jpa/1.11.8.RELEASE/spring-data-jpa-1.11.8.RELEASE.jar
7f1ccc4fc000-7f1ccc4fe000 r--s 00006000 08:01 5899911                    /home/user/.m2/repository/javax/transaction/javax.transaction-api/1.2/javax.transaction-api-1.2.jar
7f1ccc4fe000-7f1ccc50b000 r--s 00089000 08:01 6555814                    /home/user/.m2/repository/org/hibernate/hibernate-entitymanager/5.0.12.Final/hibernate-entitymanager-5.0.12.Final.jar
7f1ccc50b000-7f1ccc50e000 r--s 00010000 08:01 5510192                    /home/user/.m2/repository/org/hibernate/common/hibernate-commons-annotations/5.0.1.Final/hibernate-commons-annotations-5.0.1.Final.jar
7f1ccc50e000-7f1ccc513000 r--s 00048000 08:01 5899908                    /home/user/.m2/repository/dom4j/dom4j/1.6.1/dom4j-1.6.1.jar
7f1ccc513000-7f1ccc516000 r--s 0002b000 08:01 6555818                    /home/user/.m2/repository/org/jboss/jandex/2.0.0.Final/jandex-2.0.0.Final.jar
7f1ccc516000-7f1ccc51b000 r--s 00068000 08:01 5899905                    /home/user/.m2/repository/antlr/antlr/2.7.7/antlr-2.7.7.jar
7f1ccc51b000-7f1ccc525000 r--s 000aa000 08:01 6555821                    /home/user/.m2/repository/org/javassist/javassist/3.21.0-GA/javassist-3.21.0-GA.jar
7f1ccc525000-7f1ccc52a000 r--s 00017000 08:01 6555797                    /home/user/.m2/repository/org/hibernate/javax/persistence/hibernate-jpa-2.1-api/1.0.0.Final/hibernate-jpa-2.1-api-1.0.0.Final.jar
7f1ccc52a000-7f1ccc52d000 r--s 0000e000 08:01 6555793                    /home/user/.m2/repository/org/jboss/logging/jboss-logging/3.3.1.Final/jboss-logging-3.3.1.Final.jar
7f1ccc52d000-7f1ccc596000 r--s 004f3000 08:01 6555808                    /home/user/.m2/repository/org/hibernate/hibernate-core/5.0.12.Final/hibernate-core-5.0.12.Final.jar
7f1ccc596000-7f1ccc5a0000 r--s 0005f000 08:01 6555816                    /home/user/.m2/repository/org/springframework/spring-jdbc/4.3.12.RELEASE/spring-jdbc-4.3.12.RELEASE.jar
7f1ccc5a0000-7f1ccc5a1000 r--s 0000b000 08:01 6555806                    /home/user/.m2/repository/org/apache/tomcat/tomcat-juli/8.5.23/tomcat-juli-8.5.23.jar
7f1ccc5a1000-7f1ccc5a4000 r--s 00021000 08:01 6555804                    /home/user/.m2/repository/org/apache/tomcat/tomcat-jdbc/8.5.23/tomcat-jdbc-8.5.23.jar
7f1ccc5a4000-7f1ccc5a5000 r--s 00000000 08:01 6555802                    /home/user/.m2/repository/org/springframework/boot/spring-boot-starter-jdbc/1.5.8.RELEASE/spring-boot-starter-jdbc-1.5.8.RELEASE.jar
7f1ccc5a5000-7f1ccc5bd000 r--s 001bf000 08:01 6555824                    /home/user/.m2/repository/org/aspectj/aspectjweaver/1.8.11/aspectjweaver-1.8.11.jar
7f1ccc5bd000-7f1ccc5c6000 r--s 00054000 08:01 4463974                    /home/user/.m2/repository/org/springframework/spring-aop/4.3.12.RELEASE/spring-aop-4.3.12.RELEASE.jar
7f1ccc5c6000-7f1ccc5c7000 r--s 00000000 08:01 6555798                    /home/user/.m2/repository/org/springframework/boot/spring-boot-starter-aop/1.5.8.RELEASE/spring-boot-starter-aop-1.5.8.RELEASE.jar
7f1ccc5c7000-7f1ccc5c8000 r--s 00000000 08:01 6555796                    /home/user/.m2/repository/org/springframework/boot/spring-boot-starter-data-jpa/1.5.8.RELEASE/spring-boot-starter-data-jpa-1.5.8.RELEASE.jar
7f1ccc5c8000-7f1ccc614000 r--s 0040e000 08:01 6555795                    /home/user/.m2/repository/org/codehaus/groovy/groovy/2.4.12/groovy-2.4.12.jar
7f1ccc614000-7f1ccc617000 r--s 0001a000 08:01 4463961                    /home/user/.m2/repository/nz/net/ultraq/thymeleaf/thymeleaf-layout-dialect/1.4.0/thymeleaf-layout-dialect-1.4.0.jar
7f1ccc617000-7f1ccc619000 r--s 00009000 08:01 4199890                    /home/user/.m2/repository/org/slf4j/slf4j-api/1.7.25/slf4j-api-1.7.25.jar
7f1ccc619000-7f1ccc61c000 r--s 00020000 08:01 4200495                    /home/user/.m2/repository/org/unbescape/unbescape/1.1.0.RELEASE/unbescape-1.1.0.RELEASE.jar
7f1ccc61c000-7f1ccc61f000 r--s 00035000 08:01 4200492                    /home/user/.m2/repository/ognl/ognl/3.0.8/ognl-3.0.8.jar
7f1ccc61f000-7f1ccc62c000 r--s 000b7000 08:01 4200494                    /home/user/.m2/repository/org/thymeleaf/thymeleaf/2.1.5.RELEASE/thymeleaf-2.1.5.RELEASE.jar
7f1ccc62c000-7f1ccc62f000 r--s 00034000 08:01 3938636                    /home/user/.m2/repository/org/thymeleaf/thymeleaf-spring4/2.1.5.RELEASE/thymeleaf-spring4-2.1.5.RELEASE.jar
7f1ccc62f000-7f1ccc634000 r--s 0003c000 08:01 4595974                    /home/user/.m2/repository/org/springframework/spring-expression/4.3.12.RELEASE/spring-expression-4.3.12.RELEASE.jar
7f1ccc634000-7f1ccc645000 r--s 000cf000 08:01 6555778                    /home/user/.m2/repository/org/springframework/spring-webmvc/4.3.12.RELEASE/spring-webmvc-4.3.12.RELEASE.jar
7f1ccc645000-7f1ccc656000 r--s 000b8000 08:01 5115405                    /home/user/.m2/repository/org/springframework/spring-web/4.3.12.RELEASE/spring-web-4.3.12.RELEASE.jar
7f1ccc656000-7f1ccc65a000 r--s 00042000 08:01 4595943                    /home/user/.m2/repository/com/fasterxml/jackson/core/jackson-core/2.8.10/jackson-core-2.8.10.jar
7f1ccc65a000-7f1ccc65d000 r--s 0000b000 08:01 4065483                    /home/user/.m2/repository/com/fasterxml/jackson/core/jackson-annotations/2.8.0/jackson-annotations-2.8.0.jar
7f1ccc65d000-7f1ccc66f000 r--s 0011e000 08:01 3691236                    /home/user/.m2/repository/com/fasterxml/jackson/core/jackson-databind/2.8.10/jackson-databind-2.8.10.jar
7f1ccc66f000-7f1ccc671000 r--s 0000e000 08:01 3816588                    /home/user/.m2/repository/com/fasterxml/classmate/1.3.4/classmate-1.3.4.jar
7f1ccc671000-7f1ccc675000 r--s 0000c000 08:01 6555786                    /home/user/.m2/repository/javax/validation/validation-api/1.1.0.Final/validation-api-1.1.0.Final.jar
7f1ccc675000-7f1ccc686000 r--s 000a1000 08:01 6555784                    /home/user/.m2/repository/org/hibernate/hibernate-validator/5.3.5.Final/hibernate-validator-5.3.5.Final.jar
7f1ccc686000-7f1ccc68b000 r--s 00038000 08:01 6555783                    /home/user/.m2/repository/org/apache/tomcat/embed/tomcat-embed-websocket/8.5.23/tomcat-embed-websocket-8.5.23.jar
7f1ccc68b000-7f1ccc68f000 r--s 00037000 08:01 6555781                    /home/user/.m2/repository/org/apache/tomcat/embed/tomcat-embed-el/8.5.23/tomcat-embed-el-8.5.23.jar
7f1ccc68f000-7f1ccc691000 r--s 00003000 08:01 6555779                    /home/user/.m2/repository/org/apache/tomcat/tomcat-annotations-api/8.5.23/tomcat-annotations-api-8.5.23.jar
7f1ccc691000-7f1ccc6ba000 r--s 002c7000 08:01 6555776                    /home/user/.m2/repository/org/apache/tomcat/embed/tomcat-embed-core/8.5.23/tomcat-embed-core-8.5.23.jar
7f1ccc6ba000-7f1ccc6bb000 r--s 00000000 08:01 6555775                    /home/user/.m2/repository/org/springframework/boot/spring-boot-starter-tomcat/1.5.8.RELEASE/spring-boot-starter-tomcat-1.5.8.RELEASE.jar
7f1ccc6bb000-7f1ccc6be000 ---p 00000000 00:00 0 
7f1ccc6be000-7f1ccc7bc000 rw-p 00000000 00:00 0 
7f1ccc7bc000-7f1ccd312000 r--p 00000000 08:01 2366149                    /usr/lib/locale/locale-archive
7f1ccd312000-7f1ccd315000 ---p 00000000 00:00 0 
7f1ccd315000-7f1ccd413000 rw-p 00000000 00:00 0 
7f1ccd413000-7f1ccd416000 ---p 00000000 00:00 0 
7f1ccd416000-7f1ccd514000 rw-p 00000000 00:00 0 
7f1ccd514000-7f1ccd515000 ---p 00000000 00:00 0 
7f1ccd515000-7f1cce524000 rw-p 00000000 00:00 0 
7f1cce524000-7f1cce6f4000 r--s 03c60000 08:01 2231603                    /home/user/.sdkman/candidates/java/8.0.172-zulu/jre/lib/rt.jar
7f1cce6f4000-7f1ccf341000 rw-p 00000000 00:00 0 
7f1ccf341000-7f1ccf342000 ---p 00000000 00:00 0 
7f1ccf342000-7f1ccf442000 rw-p 00000000 00:00 0 
7f1ccf442000-7f1ccf443000 ---p 00000000 00:00 0 
7f1ccf443000-7f1ccf543000 rw-p 00000000 00:00 0 
7f1ccf543000-7f1ccf544000 ---p 00000000 00:00 0 
7f1ccf544000-7f1ccf644000 rw-p 00000000 00:00 0 
7f1ccf644000-7f1ccf645000 ---p 00000000 00:00 0 
7f1ccf645000-7f1ccf776000 rw-p 00000000 00:00 0 
7f1ccf776000-7f1ccf9d5000 ---p 00000000 00:00 0 
7f1ccf9d5000-7f1ccfa06000 rw-p 00000000 00:00 0 
7f1ccfa06000-7f1ccfc64000 ---p 00000000 00:00 0 
7f1ccfc64000-7f1ccfcf9000 rw-p 00000000 00:00 0 
7f1ccfcf9000-7f1ccfdac000 ---p 00000000 00:00 0 
7f1ccfdac000-7f1ccfde7000 rw-p 00000000 00:00 0 
7f1ccfde7000-7f1cd016d000 ---p 00000000 00:00 0 
7f1cd016d000-7f1cd0fdd000 rwxp 00000000 00:00 0 
7f1cd0fdd000-7f1cdf16d000 ---p 00000000 00:00 0 
7f1cdf16d000-7f1cdf188000 r-xp 00000000 08:01 2231555                    /home/user/.sdkman/candidates/java/8.0.172-zulu/jre/lib/amd64/libzip.so
7f1cdf188000-7f1cdf387000 ---p 0001b000 08:01 2231555                    /home/user/.sdkman/candidates/java/8.0.172-zulu/jre/lib/amd64/libzip.so
7f1cdf387000-7f1cdf388000 rw-p 0001a000 08:01 2231555                    /home/user/.sdkman/candidates/java/8.0.172-zulu/jre/lib/amd64/libzip.so
7f1cdf388000-7f1cdf393000 r-xp 00000000 08:01 6558471                    /lib/x86_64-linux-gnu/libnss_files-2.27.so
7f1cdf393000-7f1cdf592000 ---p 0000b000 08:01 6558471                    /lib/x86_64-linux-gnu/libnss_files-2.27.so
7f1cdf592000-7f1cdf593000 r--p 0000a000 08:01 6558471                    /lib/x86_64-linux-gnu/libnss_files-2.27.so
7f1cdf593000-7f1cdf594000 rw-p 0000b000 08:01 6558471                    /lib/x86_64-linux-gnu/libnss_files-2.27.so
7f1cdf594000-7f1cdf59a000 rw-p 00000000 00:00 0 
7f1cdf59a000-7f1cdf5b1000 r-xp 00000000 08:01 6558465                    /lib/x86_64-linux-gnu/libnsl-2.27.so
7f1cdf5b1000-7f1cdf7b0000 ---p 00017000 08:01 6558465                    /lib/x86_64-linux-gnu/libnsl-2.27.so
7f1cdf7b0000-7f1cdf7b1000 r--p 00016000 08:01 6558465                    /lib/x86_64-linux-gnu/libnsl-2.27.so
7f1cdf7b1000-7f1cdf7b2000 rw-p 00017000 08:01 6558465                    /lib/x86_64-linux-gnu/libnsl-2.27.so
7f1cdf7b2000-7f1cdf7b4000 rw-p 00000000 00:00 0 
7f1cdf7b4000-7f1cdf7bf000 r-xp 00000000 08:01 6558482                    /lib/x86_64-linux-gnu/libnss_nis-2.27.so
7f1cdf7bf000-7f1cdf9be000 ---p 0000b000 08:01 6558482                    /lib/x86_64-linux-gnu/libnss_nis-2.27.so
7f1cdf9be000-7f1cdf9bf000 r--p 0000a000 08:01 6558482                    /lib/x86_64-linux-gnu/libnss_nis-2.27.so
7f1cdf9bf000-7f1cdf9c0000 rw-p 0000b000 08:01 6558482                    /lib/x86_64-linux-gnu/libnss_nis-2.27.so
7f1cdf9c0000-7f1cdf9c8000 r-xp 00000000 08:01 6558467                    /lib/x86_64-linux-gnu/libnss_compat-2.27.so
7f1cdf9c8000-7f1cdfbc8000 ---p 00008000 08:01 6558467                    /lib/x86_64-linux-gnu/libnss_compat-2.27.so
7f1cdfbc8000-7f1cdfbc9000 r--p 00008000 08:01 6558467                    /lib/x86_64-linux-gnu/libnss_compat-2.27.so
7f1cdfbc9000-7f1cdfbca000 rw-p 00009000 08:01 6558467                    /lib/x86_64-linux-gnu/libnss_compat-2.27.so
7f1cdfbca000-7f1cdfbd4000 r-xp 00000000 08:01 2231543                    /home/user/.sdkman/candidates/java/8.0.172-zulu/jre/lib/amd64/libinstrument.so
7f1cdfbd4000-7f1cdfdd3000 ---p 0000a000 08:01 2231543                    /home/user/.sdkman/candidates/java/8.0.172-zulu/jre/lib/amd64/libinstrument.so
7f1cdfdd3000-7f1cdfdd4000 rw-p 00009000 08:01 2231543                    /home/user/.sdkman/candidates/java/8.0.172-zulu/jre/lib/amd64/libinstrument.so
7f1cdfdd4000-7f1cdfdfe000 r-xp 00000000 08:01 2231557                    /home/user/.sdkman/candidates/java/8.0.172-zulu/jre/lib/amd64/libjava.so
7f1cdfdfe000-7f1cdfffe000 ---p 0002a000 08:01 2231557                    /home/user/.sdkman/candidates/java/8.0.172-zulu/jre/lib/amd64/libjava.so
7f1cdfffe000-7f1ce0000000 rw-p 0002a000 08:01 2231557                    /home/user/.sdkman/candidates/java/8.0.172-zulu/jre/lib/amd64/libjava.so
7f1ce0000000-7f1ce0687000 rw-p 00000000 00:00 0 
7f1ce0687000-7f1ce4000000 ---p 00000000 00:00 0 
7f1ce4000000-7f1ce4001000 r--s 00000000 08:01 4463963                    /home/user/.m2/repository/org/springframework/boot/spring-boot-starter-web/1.5.8.RELEASE/spring-boot-starter-web-1.5.8.RELEASE.jar
7f1ce4001000-7f1ce400c000 r--s 0006a000 08:01 6555770                    /home/user/.m2/repository/ch/qos/logback/logback-core/1.1.11/logback-core-1.1.11.jar
7f1ce400c000-7f1ce401f000 r--s 00346000 08:01 2231573                    /home/user/.sdkman/candidates/java/8.0.172-zulu/jre/lib/resources.jar
7f1ce401f000-7f1ce402c000 r-xp 00000000 08:01 2231537                    /home/user/.sdkman/candidates/java/8.0.172-zulu/jre/lib/amd64/libverify.so
7f1ce402c000-7f1ce422c000 ---p 0000d000 08:01 2231537                    /home/user/.sdkman/candidates/java/8.0.172-zulu/jre/lib/amd64/libverify.so
7f1ce422c000-7f1ce422e000 rw-p 0000d000 08:01 2231537                    /home/user/.sdkman/candidates/java/8.0.172-zulu/jre/lib/amd64/libverify.so
7f1ce422e000-7f1ce4235000 r-xp 00000000 08:01 6558522                    /lib/x86_64-linux-gnu/librt-2.27.so
7f1ce4235000-7f1ce4434000 ---p 00007000 08:01 6558522                    /lib/x86_64-linux-gnu/librt-2.27.so
7f1ce4434000-7f1ce4435000 r--p 00006000 08:01 6558522                    /lib/x86_64-linux-gnu/librt-2.27.so
7f1ce4435000-7f1ce4436000 rw-p 00007000 08:01 6558522                    /lib/x86_64-linux-gnu/librt-2.27.so
7f1ce4436000-7f1ce45d3000 r-xp 00000000 08:01 6558444                    /lib/x86_64-linux-gnu/libm-2.27.so
7f1ce45d3000-7f1ce47d2000 ---p 0019d000 08:01 6558444                    /lib/x86_64-linux-gnu/libm-2.27.so
7f1ce47d2000-7f1ce47d3000 r--p 0019c000 08:01 6558444                    /lib/x86_64-linux-gnu/libm-2.27.so
7f1ce47d3000-7f1ce47d4000 rw-p 0019d000 08:01 6558444                    /lib/x86_64-linux-gnu/libm-2.27.so
7f1ce47d4000-7f1ce541f000 r-xp 00000000 08:01 2231561                    /home/user/.sdkman/candidates/java/8.0.172-zulu/jre/lib/amd64/server/libjvm.so
7f1ce541f000-7f1ce561e000 ---p 00c4b000 08:01 2231561                    /home/user/.sdkman/candidates/java/8.0.172-zulu/jre/lib/amd64/server/libjvm.so
7f1ce561e000-7f1ce56ee000 rw-p 00c4a000 08:01 2231561                    /home/user/.sdkman/candidates/java/8.0.172-zulu/jre/lib/amd64/server/libjvm.so
7f1ce56ee000-7f1ce5730000 rw-p 00000000 00:00 0 
7f1ce5730000-7f1ce5917000 r-xp 00000000 08:01 6558381                    /lib/x86_64-linux-gnu/libc-2.27.so
7f1ce5917000-7f1ce5b17000 ---p 001e7000 08:01 6558381                    /lib/x86_64-linux-gnu/libc-2.27.so
7f1ce5b17000-7f1ce5b1b000 r--p 001e7000 08:01 6558381                    /lib/x86_64-linux-gnu/libc-2.27.so
7f1ce5b1b000-7f1ce5b1d000 rw-p 001eb000 08:01 6558381                    /lib/x86_64-linux-gnu/libc-2.27.so
7f1ce5b1d000-7f1ce5b21000 rw-p 00000000 00:00 0 
7f1ce5b21000-7f1ce5b24000 r-xp 00000000 08:01 6558404                    /lib/x86_64-linux-gnu/libdl-2.27.so
7f1ce5b24000-7f1ce5d23000 ---p 00003000 08:01 6558404                    /lib/x86_64-linux-gnu/libdl-2.27.so
7f1ce5d23000-7f1ce5d24000 r--p 00002000 08:01 6558404                    /lib/x86_64-linux-gnu/libdl-2.27.so
7f1ce5d24000-7f1ce5d25000 rw-p 00003000 08:01 6558404                    /lib/x86_64-linux-gnu/libdl-2.27.so
7f1ce5d25000-7f1ce5d3a000 r-xp 00000000 08:01 2232094                    /home/user/.sdkman/candidates/java/8.0.172-zulu/lib/amd64/jli/libjli.so
7f1ce5d3a000-7f1ce5f3a000 ---p 00015000 08:01 2232094                    /home/user/.sdkman/candidates/java/8.0.172-zulu/lib/amd64/jli/libjli.so
7f1ce5f3a000-7f1ce5f3b000 rw-p 00015000 08:01 2232094                    /home/user/.sdkman/candidates/java/8.0.172-zulu/lib/amd64/jli/libjli.so
7f1ce5f3b000-7f1ce5f55000 r-xp 00000000 08:01 6558514                    /lib/x86_64-linux-gnu/libpthread-2.27.so
7f1ce5f55000-7f1ce6154000 ---p 0001a000 08:01 6558514                    /lib/x86_64-linux-gnu/libpthread-2.27.so
7f1ce6154000-7f1ce6155000 r--p 00019000 08:01 6558514                    /lib/x86_64-linux-gnu/libpthread-2.27.so
7f1ce6155000-7f1ce6156000 rw-p 0001a000 08:01 6558514                    /lib/x86_64-linux-gnu/libpthread-2.27.so
7f1ce6156000-7f1ce615a000 rw-p 00000000 00:00 0 
7f1ce615a000-7f1ce6181000 r-xp 00000000 08:01 6558353                    /lib/x86_64-linux-gnu/ld-2.27.so
7f1ce6181000-7f1ce6187000 r--s 0003d000 08:01 6555772                    /home/user/.m2/repository/org/yaml/snakeyaml/1.17/snakeyaml-1.17.jar
7f1ce6187000-7f1ce6189000 r--s 00004000 08:01 4200488                    /home/user/.m2/repository/org/slf4j/log4j-over-slf4j/1.7.25/log4j-over-slf4j-1.7.25.jar
7f1ce6189000-7f1ce618b000 r--s 00000000 08:01 4853109                    /home/user/.m2/repository/org/slf4j/jul-to-slf4j/1.7.25/jul-to-slf4j-1.7.25.jar
7f1ce618b000-7f1ce6192000 r--s 00045000 08:01 6555768                    /home/user/.m2/repository/ch/qos/logback/logback-classic/1.1.11/logback-classic-1.1.11.jar
7f1ce6192000-7f1ce6193000 r--s 00000000 08:01 4595939                    /home/user/.m2/repository/org/springframework/boot/spring-boot-starter-logging/1.5.8.RELEASE/spring-boot-starter-logging-1.5.8.RELEASE.jar
7f1ce6193000-7f1ce6263000 rw-p 00000000 00:00 0 
7f1ce6263000-7f1ce6264000 ---p 00000000 00:00 0 
7f1ce6264000-7f1ce6267000 ---p 00000000 00:00 0 
7f1ce6267000-7f1ce6366000 rw-p 00000000 00:00 0 
7f1ce6366000-7f1ce6367000 r--s 00000000 08:01 4463971                    /home/user/.m2/repository/org/springframework/boot/spring-boot-starter/1.5.8.RELEASE/spring-boot-starter-1.5.8.RELEASE.jar
7f1ce6367000-7f1ce6368000 r--s 00000000 08:01 4200486                    /home/user/.m2/repository/org/springframework/boot/spring-boot-starter-thymeleaf/1.5.8.RELEASE/spring-boot-starter-thymeleaf-1.5.8.RELEASE.jar
7f1ce6368000-7f1ce6369000 r--s 00000000 08:01 2231576                    /home/user/.sdkman/candidates/java/8.0.172-zulu/jre/lib/management-agent.jar
7f1ce6369000-7f1ce636e000 r--s 0009d000 08:01 2231528                    /home/user/.sdkman/candidates/java/8.0.172-zulu/jre/lib/jsse.jar
7f1ce636e000-7f1ce6370000 r--s 00016000 08:01 2231604                    /home/user/.sdkman/candidates/java/8.0.172-zulu/jre/lib/jce.jar
7f1ce6370000-7f1ce6375000 r--s 002f9000 08:01 2231613                    /home/user/.sdkman/candidates/java/8.0.172-zulu/jre/lib/charsets.jar
7f1ce6375000-7f1ce637d000 rw-s 00000000 08:01 5118986                    /tmp/hsperfdata_user/23095
7f1ce637d000-7f1ce637e000 rw-p 00000000 00:00 0 
7f1ce637e000-7f1ce637f000 ---p 00000000 00:00 0 
7f1ce637f000-7f1ce6381000 rw-p 00000000 00:00 0 
7f1ce6381000-7f1ce6382000 r--p 00027000 08:01 6558353                    /lib/x86_64-linux-gnu/ld-2.27.so
7f1ce6382000-7f1ce6383000 rw-p 00028000 08:01 6558353                    /lib/x86_64-linux-gnu/ld-2.27.so
7f1ce6383000-7f1ce6384000 rw-p 00000000 00:00 0 
7ffdd5fdd000-7ffdd6000000 rw-p 00000000 00:00 0                          [stack]
7ffdd618b000-7ffdd618e000 r--p 00000000 00:00 0                          [vvar]
7ffdd618e000-7ffdd6190000 r-xp 00000000 00:00 0                          [vdso]
ffffffffff600000-ffffffffff601000 r-xp 00000000 00:00 0                  [vsyscall]

VM Arguments:
jvm_args: -javaagent:/home/user/Documents/Apps/idea-IU-181.5540.7/lib/idea_rt.jar=46111:/home/user/Documents/Apps/idea-IU-181.5540.7/bin -Dfile.encoding=UTF-8 
java_command: com.chinese.words.ChineseApp
java_class_path (initial): /home/user/.sdkman/candidates/java/8.0.172-zulu/jre/lib/charsets.jar:/home/user/.sdkman/candidates/java/8.0.172-zulu/jre/lib/ext/cldrdata.jar:/home/user/.sdkman/candidates/java/8.0.172-zulu/jre/lib/ext/dnsns.jar:/home/user/.sdkman/candidates/java/8.0.172-zulu/jre/lib/ext/jaccess.jar:/home/user/.sdkman/candidates/java/8.0.172-zulu/jre/lib/ext/localedata.jar:/home/user/.sdkman/candidates/java/8.0.172-zulu/jre/lib/ext/nashorn.jar:/home/user/.sdkman/candidates/java/8.0.172-zulu/jre/lib/ext/sunec.jar:/home/user/.sdkman/candidates/java/8.0.172-zulu/jre/lib/ext/sunjce_provider.jar:/home/user/.sdkman/candidates/java/8.0.172-zulu/jre/lib/ext/sunpkcs11.jar:/home/user/.sdkman/candidates/java/8.0.172-zulu/jre/lib/ext/zipfs.jar:/home/user/.sdkman/candidates/java/8.0.172-zulu/jre/lib/jce.jar:/home/user/.sdkman/candidates/java/8.0.172-zulu/jre/lib/jsse.jar:/home/user/.sdkman/candidates/java/8.0.172-zulu/jre/lib/management-agent.jar:/home/user/.sdkman/candidates/java/8.0.172-zulu/jre/lib/resources.jar:/home/user/.sdkman/candidates/java/8.0.172-zulu/jre/lib/rt.jar:/home/user/Documents/chinese-game/Chinese Game/target/classes:/home/user/.m2/repository/org/springframework/boot/spring-boot-starter-thymeleaf/1.5.8.RELEASE/spring-boot-starter-thymeleaf-1.5.8.RELEASE.jar:/home/user/.m2/repository/org/springframework/boot/spring-boot-starter/1.5.8.RELEASE/spring-boot-starter-1.5.8.RELEASE.jar:/home/user/.m2/repository/org/springframework/boot/spring-boot-starter-logging/1.5.8.RELEASE/spring-boot-starter-logging-1.5.8.RELEASE.jar:/home/user/.m2/repository/ch/qos/logback/logback-classic/1.1.11/logback-classic-1.1.11.jar:/home/user/.m2/repository/ch/qos/logback/logback-core/1.1.11/logback-core-1.1.11.jar:/home/user/.m2/repository/org/slf4j/jul-to-slf4j/1.7.25/jul-to-slf4j-1.7.25.jar:/home/user/.m2/repository/org/slf4j/log4j-over-slf4j/1.7.25/log4j-over-slf4j-1.7.25.jar:/home/user/.m2/repository/org/yaml/snakeyaml/1.17/snakeyaml-1.17.jar:/home/user/.m2/repository/o
Launcher Type: SUN_STANDARD

Environment Variables:
PATH=/usr/local/sbin:/usr/local/bin:/usr/sbin:/usr/bin:/sbin:/bin:/usr/games:/usr/local/games:/snap/bin
USERNAME=user
SHELL=/bin/bash
DISPLAY=:0

Signal Handlers:
SIGSEGV: [libjvm.so+0xa3ef70], sa_mask[0]=11111111011111111101111111111110, sa_flags=SA_RESTART|SA_SIGINFO
SIGBUS: [libjvm.so+0xa3ef70], sa_mask[0]=11111111011111111101111111111110, sa_flags=SA_RESTART|SA_SIGINFO
SIGFPE: [libjvm.so+0x8a8ec0], sa_mask[0]=11111111011111111101111111111110, sa_flags=SA_RESTART|SA_SIGINFO
SIGPIPE: [libjvm.so+0x8a8ec0], sa_mask[0]=11111111011111111101111111111110, sa_flags=SA_RESTART|SA_SIGINFO
SIGXFSZ: [libjvm.so+0x8a8ec0], sa_mask[0]=11111111011111111101111111111110, sa_flags=SA_RESTART|SA_SIGINFO
SIGILL: [libjvm.so+0x8a8ec0], sa_mask[0]=11111111011111111101111111111110, sa_flags=SA_RESTART|SA_SIGINFO
SIGUSR1: SIG_DFL, sa_mask[0]=00000000000000000000000000000000, sa_flags=none
SIGUSR2: [libjvm.so+0x8aa5c0], sa_mask[0]=00100000000000000000000000000000, sa_flags=SA_RESTART|SA_SIGINFO
SIGHUP: [libjvm.so+0x8abcb0], sa_mask[0]=11111111011111111101111111111110, sa_flags=SA_RESTART|SA_SIGINFO
SIGINT: [libjvm.so+0x8abcb0], sa_mask[0]=11111111011111111101111111111110, sa_flags=SA_RESTART|SA_SIGINFO
SIGTERM: [libjvm.so+0x8abcb0], sa_mask[0]=11111111011111111101111111111110, sa_flags=SA_RESTART|SA_SIGINFO
SIGQUIT: [libjvm.so+0x8abcb0], sa_mask[0]=11111111011111111101111111111110, sa_flags=SA_RESTART|SA_SIGINFO


---------------  S Y S T E M  ---------------

OS:DISTRIB_ID=Ubuntu
DISTRIB_RELEASE=18.04
DISTRIB_CODENAME=bionic
DISTRIB_DESCRIPTION="Ubuntu 18.04.1 LTS"

uname:Linux 4.15.0-33-generic #36-Ubuntu SMP Wed Aug 15 16:00:05 UTC 2018 x86_64
libc:glibc 2.27 NPTL 2.27 
rlimit: STACK 8192k, CORE 0k, NPROC 31217, NOFILE 1048576, AS infinity
load average:6,63 8,01 4,16

/proc/meminfo:
MemTotal:        8052168 kB
MemFree:          125080 kB
MemAvailable:      27516 kB
Buffers:             748 kB
Cached:           642828 kB
SwapCached:         8608 kB
Active:          6601648 kB
Inactive:         923968 kB
Active(anon):    6593488 kB
Inactive(anon):   914632 kB
Active(file):       8160 kB
Inactive(file):     9336 kB
Unevictable:         192 kB
Mlocked:             192 kB
SwapTotal:       2097148 kB
SwapFree:              0 kB
Dirty:               912 kB
Writeback:             0 kB
AnonPages:       6875124 kB
Mapped:           323268 kB
Shmem:            625528 kB
Slab:             139208 kB
SReclaimable:      59904 kB
SUnreclaim:        79304 kB
KernelStack:       24608 kB
PageTables:       121580 kB
NFS_Unstable:          0 kB
Bounce:                0 kB
WritebackTmp:          0 kB
CommitLimit:     6123232 kB
Committed_AS:   22621616 kB
VmallocTotal:   34359738367 kB
VmallocUsed:           0 kB
VmallocChunk:          0 kB
HardwareCorrupted:     0 kB
AnonHugePages:         0 kB
ShmemHugePages:        0 kB
ShmemPmdMapped:        0 kB
CmaTotal:              0 kB
CmaFree:               0 kB
HugePages_Total:       0
HugePages_Free:        0
HugePages_Rsvd:        0
HugePages_Surp:        0
Hugepagesize:       2048 kB
DirectMap4k:      413312 kB
DirectMap2M:     7860224 kB


CPU:total 4 (initial active 4) (2 cores per cpu, 2 threads per core) family 6 model 42 stepping 7, cmov, cx8, fxsr, mmx, sse, sse2, sse3, ssse3, sse4.1, sse4.2, popcnt, avx, aes, clmul, ht, tsc, tscinvbit

/proc/cpuinfo:
processor	: 0
vendor_id	: GenuineIntel
cpu family	: 6
model		: 42
model name	: Intel(R) Core(TM) i5-2430M CPU @ 2.40GHz
stepping	: 7
microcode	: 0x2e
cpu MHz		: 1606.988
cache size	: 3072 KB
physical id	: 0
siblings	: 4
core id		: 0
cpu cores	: 2
apicid		: 0
initial apicid	: 0
fpu		: yes
fpu_exception	: yes
cpuid level	: 13
wp		: yes
flags		: fpu vme de pse tsc msr pae mce cx8 apic sep mtrr pge mca cmov pat pse36 clflush dts acpi mmx fxsr sse sse2 ss ht tm pbe syscall nx rdtscp lm constant_tsc arch_perfmon pebs bts nopl xtopology nonstop_tsc cpuid aperfmperf pni pclmulqdq dtes64 monitor ds_cpl vmx est tm2 ssse3 cx16 xtpr pdcm pcid sse4_1 sse4_2 x2apic popcnt tsc_deadline_timer aes xsave avx lahf_lm epb pti ssbd ibrs ibpb stibp tpr_shadow vnmi flexpriority ept vpid xsaveopt dtherm ida arat pln pts flush_l1d
bugs		: cpu_meltdown spectre_v1 spectre_v2 spec_store_bypass l1tf
bogomips	: 4784.29
clflush size	: 64
cache_alignment	: 64
address sizes	: 36 bits physical, 48 bits virtual
power management:

processor	: 1
vendor_id	: GenuineIntel
cpu family	: 6
model		: 42
model name	: Intel(R) Core(TM) i5-2430M CPU @ 2.40GHz
stepping	: 7
microcode	: 0x2e
cpu MHz		: 2622.785
cache size	: 3072 KB
physical id	: 0
siblings	: 4
core id		: 0
cpu cores	: 6
apicid		: 1
initial apicid	: 1
fpu		: yes
fpu_exception	: yes
cpuid level	: 13
wp		: yes
flags		: fpu vme de pse tsc msr pae mce cx8 apic sep mtrr pge mca cmov pat pse36 clflush dts acpi mmx fxsr sse sse2 ss ht tm pbe syscall nx rdtscp lm constant_tsc arch_perfmon pebs bts nopl xtopology nonstop_tsc cpuid aperfmperf pni pclmulqdq dtes64 monitor ds_cpl vmx est tm2 ssse3 cx16 xtpr pdcm pcid sse4_1 sse4_2 x2apic popcnt tsc_deadline_timer aes xsave avx lahf_lm epb pti ssbd ibrs ibpb stibp tpr_shadow vnmi flexpriority ept vpid xsaveopt dtherm ida arat pln pts flush_l1d
bugs		: cpu_meltdown spectre_v1 spectre_v2 spec_store_bypass l1tf
bogomips	: 4784.29
clflush size	: 64
cache_alignment	: 64
address sizes	: 36 bits physical, 48 bits virtual
power management:

processor	: 2
vendor_id	: GenuineIntel
cpu family	: 6
model		: 42
model name	: Intel(R) Core(TM) i5-2430M CPU @ 2.40GHz
stepping	: 7
microcode	: 0x2e
cpu MHz		: 1417.124
cache size	: 3072 KB
physical id	: 0
siblings	: 4
core id		: 1
cpu cores	: 10
apicid		: 2
initial apicid	: 2
fpu		: yes
fpu_exception	: yes
cpuid level	: 13
wp		: yes
flags		: fpu vme de pse tsc msr pae mce cx8 apic sep mtrr pge mca cmov pat pse36 clflush dts acpi mmx fxsr sse sse2 ss ht tm pbe syscall nx rdtscp lm constant_tsc arch_perfmon pebs bts nopl xtopology nonstop_tsc cpuid aperfmperf pni pclmulqdq dtes64 monitor ds_cpl vmx est tm2 ssse3 cx16 xtpr pdcm pcid sse4_1 sse4_2 x2apic popcnt tsc_deadline_timer aes xsave avx lahf_lm epb pti ssbd ibrs ibpb stibp tpr_shadow vnmi flexpriority ept vpid xsaveopt dtherm ida arat pln pts flush_l1d
bugs		: cpu_meltdown spectre_v1 spectre_v2 spec_store_bypass l1tf
bogomips	: 4784.29
clflush size	: 64
cache_alignment	: 64
address sizes	: 36 bits physical, 48 bits virtual
power management:

processor	: 3
vendor_id	: GenuineIntel
cpu family	: 6
model		: 42
model name	: Intel(R) Core(TM) i5-2430M CPU @ 2.40GHz
stepping	: 7
microcode	: 0x2e
cpu MHz		: 1393.489
cache size	: 3072 KB
physical id	: 0
siblings	: 4
core id		: 1
cpu cores	: 2
apicid		: 3
initial apicid	: 3
fpu		: yes
fpu_exception	: yes
cpuid level	: 13
wp		: yes
flags		: fpu vme de pse tsc msr pae mce cx8 apic sep mtrr pge mca cmov pat pse36 clflush dts acpi mmx fxsr sse sse2 ss ht tm pbe syscall nx rdtscp lm constant_tsc arch_perfmon pebs bts nopl xtopology nonstop_tsc cpuid aperfmperf pni pclmulqdq dtes64 monitor ds_cpl vmx est tm2 ssse3 cx16 xtpr pdcm pcid sse4_1 sse4_2 x2apic popcnt tsc_deadline_timer aes xsave avx lahf_lm epb pti ssbd ibrs ibpb stibp tpr_shadow vnmi flexpriority ept vpid xsaveopt dtherm ida arat pln pts flush_l1d
bugs		: cpu_meltdown spectre_v1 spectre_v2 spec_store_bypass l1tf
bogomips	: 4784.29
clflush size	: 64
cache_alignment	: 64
address sizes	: 36 bits physical, 48 bits virtual
power management:



Memory: 4k page, physical 8052168k(123748k free), swap 2097148k(0k free)

vm_info: OpenJDK 64-Bit Server VM (25.172-b01) for linux-amd64 JRE (1.8.0_172-b01), built on Apr 18 2018 12:57:33 by "zulu_re" with gcc 4.4.7 20120313 (Red Hat 4.4.7-3)

time: Thu Aug 30 15:15:47 2018
elapsed time: 12 seconds (0d 0h 0m 12s)

