#
# There is insufficient memory for the Java Runtime Environment to continue.
# Native memory allocation (mmap) failed to map 109576192 bytes for committing reserved memory.
# Possible reasons:
#   The system is out of physical RAM or swap space
#   In 32 bit mode, the process size limit was hit
# Possible solutions:
#   Reduce memory load on the system
#   Increase physical memory or swap space
#   Check if swap backing store is full
#   Use 64 bit Java on a 64 bit OS
#   Decrease Java heap size (-Xmx/-Xms)
#   Decrease number of Java threads
#   Decrease Java thread stack sizes (-Xss)
#   Set larger code cache with -XX:ReservedCodeCacheSize=
# This output file may be truncated or incomplete.
#
#  Out of Memory Error (os_linux.cpp:2640), pid=22620, tid=0x00007f34f7cfc700
#
# JRE version: OpenJDK Runtime Environment (8.0_172-b01) (build 1.8.0_172-b01)
# Java VM: OpenJDK 64-Bit Server VM (25.172-b01 mixed mode linux-amd64 compressed oops)
# Failed to write core dump. Core dumps have been disabled. To enable core dumping, try "ulimit -c unlimited" before starting Java again
#

---------------  T H R E A D  ---------------

Current thread (0x00007f351c145000):  VMThread [stack: 0x00007f34f7bfd000,0x00007f34f7cfd000] [id=22626]

Stack: [0x00007f34f7bfd000,0x00007f34f7cfd000],  sp=0x00007f34f7cfb390,  free space=1016k
Native frames: (J=compiled Java code, j=interpreted, Vv=VM code, C=native code)
V  [libjvm.so+0xa3e58e]  VMError::report_and_die()+0x14e
V  [libjvm.so+0x4dde69]  report_vm_out_of_memory(char const*, int, unsigned long, VMErrorType, char const*)+0x99
V  [libjvm.so+0x8af053]  os::Linux::commit_memory_impl(char*, unsigned long, bool)+0x113
V  [libjvm.so+0x8af279]  os::pd_commit_memory(char*, unsigned long, unsigned long, bool)+0x29
V  [libjvm.so+0x8a681a]  os::commit_memory(char*, unsigned long, unsigned long, bool)+0x2a
V  [libjvm.so+0x913f1b]  PSVirtualSpace::expand_by(unsigned long)+0x6b
V  [libjvm.so+0x9151d8]  PSYoungGen::resize_generation(unsigned long, unsigned long)+0xb8
V  [libjvm.so+0x914312]  PSYoungGen::resize(unsigned long, unsigned long)+0x22
V  [libjvm.so+0x91177c]  PSScavenge::invoke_no_policy()+0xfdc
V  [libjvm.so+0x911f33]  PSScavenge::invoke()+0x43
V  [libjvm.so+0x8cc76d]  ParallelScavengeHeap::failed_mem_allocate(unsigned long)+0x6d
V  [libjvm.so+0xa3ffa7]  VM_ParallelGCFailedAllocation::doit()+0x97
V  [libjvm.so+0xa46982]  VM_Operation::evaluate()+0x52
V  [libjvm.so+0xa44ea1]  VMThread::evaluate_operation(VM_Operation*)+0xb1
V  [libjvm.so+0xa452f3]  VMThread::loop()+0x1c3
V  [libjvm.so+0xa457c2]  VMThread::run()+0x72
V  [libjvm.so+0x8af3d2]  java_start(Thread*)+0x122

VM_Operation (0x00007f34f63e16b0): ParallelGCFailedAllocation, mode: safepoint, requested by thread 0x00007f34c8003000


---------------  P R O C E S S  ---------------

Java Threads: ( => current thread )
  0x00007f34bc75b800 JavaThread "Tomcat JDBC Pool Cleaner[414493378:1535634772030]" daemon [_thread_blocked, id=22676, stack(0x00007f34f45ba000,0x00007f34f46bb000)]
  0x00007f34bc705800 JavaThread "container-0" [_thread_blocked, id=22675, stack(0x00007f34f46bb000,0x00007f34f47bc000)]
  0x00007f34bc704000 JavaThread "ContainerBackgroundProcessor[StandardEngine[Tomcat]]" daemon [_thread_blocked, id=22674, stack(0x00007f34f47bc000,0x00007f34f48bd000)]
  0x00007f34c8003000 JavaThread "restartedMain" [_thread_blocked, id=22644, stack(0x00007f34f62e4000,0x00007f34f63e5000)]
  0x00007f351c560800 JavaThread "Thread-0" [_thread_blocked, id=22643, stack(0x00007f34f63e5000,0x00007f34f64e6000)]
  0x00007f351c382800 JavaThread "Service Thread" daemon [_thread_blocked, id=22634, stack(0x00007f34f67fe000,0x00007f34f68ff000)]
  0x00007f351c365800 JavaThread "C1 CompilerThread2" daemon [_thread_blocked, id=22633, stack(0x00007f34f6900000,0x00007f34f6a00000)]
  0x00007f351c363000 JavaThread "C2 CompilerThread1" daemon [_thread_blocked, id=22632, stack(0x00007f34f6a01000,0x00007f34f6b01000)]
  0x00007f351c361800 JavaThread "C2 CompilerThread0" daemon [_thread_blocked, id=22631, stack(0x00007f34f6b02000,0x00007f34f6c02000)]
  0x00007f351c360000 JavaThread "Monitor Ctrl-Break" daemon [_thread_in_native, id=22630, stack(0x00007f34f6c02000,0x00007f34f6d03000)]
  0x00007f351c185000 JavaThread "Signal Dispatcher" daemon [_thread_blocked, id=22629, stack(0x00007f34f6da3000,0x00007f34f6ea4000)]
  0x00007f351c151000 JavaThread "Finalizer" daemon [_thread_blocked, id=22628, stack(0x00007f34f79fa000,0x00007f34f7afb000)]
  0x00007f351c14c800 JavaThread "Reference Handler" daemon [_thread_blocked, id=22627, stack(0x00007f34f7afb000,0x00007f34f7bfc000)]
  0x00007f351c010000 JavaThread "main" [_thread_blocked, id=22621, stack(0x00007f352489d000,0x00007f352499d000)]

Other Threads:
=>0x00007f351c145000 VMThread [stack: 0x00007f34f7bfd000,0x00007f34f7cfd000] [id=22626]
  0x00007f351c385000 WatcherThread [stack: 0x00007f34f64e7000,0x00007f34f65e7000] [id=22635]

VM state:at safepoint (normal execution)

VM Mutex/Monitor currently owned by a thread:  ([mutex/lock_event])
[0x00007f351c00c620] Threads_lock - owner thread: 0x00007f351c145000
[0x00007f351c00cb20] Heap_lock - owner thread: 0x00007f34c8003000

Heap:
 PSYoungGen      total 399360K, used 128K [0x00000000d7100000, 0x00000000f0c00000, 0x0000000100000000)
  eden space 377856K, 0% used [0x00000000d7100000,0x00000000d7100000,0x00000000ee200000)
  from space 21504K, 0% used [0x00000000ee200000,0x00000000ee220000,0x00000000ef700000)
  to   space 17920K, 0% used [0x00000000efa80000,0x00000000efa80000,0x00000000f0c00000)
 ParOldGen       total 105472K, used 35618K [0x0000000085200000, 0x000000008b900000, 0x00000000d7100000)
  object space 105472K, 33% used [0x0000000085200000,0x00000000874c8a90,0x000000008b900000)
 Metaspace       used 46623K, capacity 47202K, committed 47576K, reserved 1091584K
  class space    used 5851K, capacity 6009K, committed 6104K, reserved 1048576K

Card table byte_map: [0x00007f352102d000,0x00007f3521405000] byte_map_base: 0x00007f3520c04000

Marking Bits: (ParMarkBitMap*) 0x00007f3523d3ac40
 Begin Bits: [0x00007f34fc290000, 0x00007f34fe148000)
 End Bits:   [0x00007f34fe148000, 0x00007f3500000000)

Polling page: 0x00007f35249b7000

CodeCache: size=245760Kb used=15370Kb max_used=15370Kb free=230389Kb
 bounds [0x00007f350d000000, 0x00007f350df20000, 0x00007f351c000000]
 total_blobs=5059 nmethods=4578 adapters=395
 compilation: enabled

Compilation events (10 events):
Event: 13,306 Thread 0x00007f351c365800 5109       3       java.util.Objects::hash (5 bytes)
Event: 13,307 Thread 0x00007f351c365800 nmethod 5109 0x00007f350df104d0 code [0x00007f350df10640, 0x00007f350df107a8]
Event: 13,307 Thread 0x00007f351c365800 5110       3       org.hibernate.internal.AbstractSessionImpl$JdbcObserverImpl::jdbcConnectionAcquisitionEnd (40 bytes)
Event: 13,308 Thread 0x00007f351c365800 nmethod 5110 0x00007f350df10850 code [0x00007f350df10a80, 0x00007f350df11708]
Event: 13,308 Thread 0x00007f351c365800 5111       3       org.hibernate.collection.internal.PersistentSet::iterator (22 bytes)
Event: 13,309 Thread 0x00007f351c365800 nmethod 5111 0x00007f350df11d50 code [0x00007f350df11f00, 0x00007f350df125d8]
Event: 13,309 Thread 0x00007f351c365800 5112       3       org.hibernate.engine.spi.CollectionEntry::setDoupdate (6 bytes)
Event: 13,309 Thread 0x00007f351c365800 nmethod 5112 0x00007f350df12890 code [0x00007f350df129e0, 0x00007f350df12b30]
Event: 13,313 Thread 0x00007f351c365800 5113       3       java.util.regex.Pattern::RemoveQEQuoting (346 bytes)
Event: 13,320 Thread 0x00007f351c365800 nmethod 5113 0x00007f350df12bd0 code [0x00007f350df12e40, 0x00007f350df13f38]

GC Heap History (10 events):
Event: 12,165 GC heap after
Heap after GC invocations=14 (full 2):
 PSYoungGen      total 208384K, used 12872K [0x00000000d7100000, 0x00000000e6580000, 0x0000000100000000)
  eden space 187904K, 0% used [0x00000000d7100000,0x00000000d7100000,0x00000000e2880000)
  from space 20480K, 62% used [0x00000000e3d00000,0x00000000e4992070,0x00000000e5100000)
  to   space 20992K, 0% used [0x00000000e2880000,0x00000000e2880000,0x00000000e3d00000)
 ParOldGen       total 105472K, used 22792K [0x0000000085200000, 0x000000008b900000, 0x00000000d7100000)
  object space 105472K, 21% used [0x0000000085200000,0x0000000086842120,0x000000008b900000)
 Metaspace       used 46408K, capacity 46962K, committed 47320K, reserved 1091584K
  class space    used 5845K, capacity 6001K, committed 6104K, reserved 1048576K
}
Event: 12,375 GC heap before
{Heap before GC invocations=15 (full 2):
 PSYoungGen      total 208384K, used 200776K [0x00000000d7100000, 0x00000000e6580000, 0x0000000100000000)
  eden space 187904K, 100% used [0x00000000d7100000,0x00000000e2880000,0x00000000e2880000)
  from space 20480K, 62% used [0x00000000e3d00000,0x00000000e4992070,0x00000000e5100000)
  to   space 20992K, 0% used [0x00000000e2880000,0x00000000e2880000,0x00000000e3d00000)
 ParOldGen       total 105472K, used 22792K [0x0000000085200000, 0x000000008b900000, 0x00000000d7100000)
  object space 105472K, 21% used [0x0000000085200000,0x0000000086842120,0x000000008b900000)
 Metaspace       used 46432K, capacity 46974K, committed 47320K, reserved 1091584K
  class space    used 5846K, capacity 6003K, committed 6104K, reserved 1048576K
Event: 12,395 GC heap after
Heap after GC invocations=15 (full 2):
 PSYoungGen      total 208896K, used 12792K [0x00000000d7100000, 0x00000000e9a80000, 0x0000000100000000)
  eden space 187904K, 0% used [0x00000000d7100000,0x00000000d7100000,0x00000000e2880000)
  from space 20992K, 60% used [0x00000000e2880000,0x00000000e34fe080,0x00000000e3d00000)
  to   space 20992K, 0% used [0x00000000e8600000,0x00000000e8600000,0x00000000e9a80000)
 ParOldGen       total 105472K, used 22792K [0x0000000085200000, 0x000000008b900000, 0x00000000d7100000)
  object space 105472K, 21% used [0x0000000085200000,0x0000000086842120,0x000000008b900000)
 Metaspace       used 46432K, capacity 46974K, committed 47320K, reserved 1091584K
  class space    used 5846K, capacity 6003K, committed 6104K, reserved 1048576K
}
Event: 12,541 GC heap before
{Heap before GC invocations=16 (full 2):
 PSYoungGen      total 208896K, used 200696K [0x00000000d7100000, 0x00000000e9a80000, 0x0000000100000000)
  eden space 187904K, 100% used [0x00000000d7100000,0x00000000e2880000,0x00000000e2880000)
  from space 20992K, 60% used [0x00000000e2880000,0x00000000e34fe080,0x00000000e3d00000)
  to   space 20992K, 0% used [0x00000000e8600000,0x00000000e8600000,0x00000000e9a80000)
 ParOldGen       total 105472K, used 22792K [0x0000000085200000, 0x000000008b900000, 0x00000000d7100000)
  object space 105472K, 21% used [0x0000000085200000,0x0000000086842120,0x000000008b900000)
 Metaspace       used 46476K, capacity 46974K, committed 47320K, reserved 1091584K
  class space    used 5846K, capacity 6003K, committed 6104K, reserved 1048576K
Event: 12,562 GC heap after
Heap after GC invocations=16 (full 2):
 PSYoungGen      total 283648K, used 12792K [0x00000000d7100000, 0x00000000ea200000, 0x0000000100000000)
  eden space 262656K, 0% used [0x00000000d7100000,0x00000000d7100000,0x00000000e7180000)
  from space 20992K, 60% used [0x00000000e8600000,0x00000000e927e080,0x00000000e9a80000)
  to   space 20992K, 0% used [0x00000000e7180000,0x00000000e7180000,0x00000000e8600000)
 ParOldGen       total 105472K, used 22800K [0x0000000085200000, 0x000000008b900000, 0x00000000d7100000)
  object space 105472K, 21% used [0x0000000085200000,0x0000000086844120,0x000000008b900000)
 Metaspace       used 46476K, capacity 46974K, committed 47320K, reserved 1091584K
  class space    used 5846K, capacity 6003K, committed 6104K, reserved 1048576K
}
Event: 12,813 GC heap before
{Heap before GC invocations=17 (full 2):
 PSYoungGen      total 283648K, used 275448K [0x00000000d7100000, 0x00000000ea200000, 0x0000000100000000)
  eden space 262656K, 100% used [0x00000000d7100000,0x00000000e7180000,0x00000000e7180000)
  from space 20992K, 60% used [0x00000000e8600000,0x00000000e927e080,0x00000000e9a80000)
  to   space 20992K, 0% used [0x00000000e7180000,0x00000000e7180000,0x00000000e8600000)
 ParOldGen       total 105472K, used 22800K [0x0000000085200000, 0x000000008b900000, 0x00000000d7100000)
  object space 105472K, 21% used [0x0000000085200000,0x0000000086844120,0x000000008b900000)
 Metaspace       used 46538K, capacity 47062K, committed 47320K, reserved 1091584K
  class space    used 5850K, capacity 6007K, committed 6104K, reserved 1048576K
Event: 12,845 GC heap after
Heap after GC invocations=17 (full 2):
 PSYoungGen      total 283648K, used 4496K [0x00000000d7100000, 0x00000000f0f00000, 0x0000000100000000)
  eden space 262656K, 0% used [0x00000000d7100000,0x00000000d7100000,0x00000000e7180000)
  from space 20992K, 21% used [0x00000000e7180000,0x00000000e75e4030,0x00000000e8600000)
  to   space 20992K, 0% used [0x00000000efa80000,0x00000000efa80000,0x00000000f0f00000)
 ParOldGen       total 105472K, used 31216K [0x0000000085200000, 0x000000008b900000, 0x00000000d7100000)
  object space 105472K, 29% used [0x0000000085200000,0x000000008707c170,0x000000008b900000)
 Metaspace       used 46538K, capacity 47062K, committed 47320K, reserved 1091584K
  class space    used 5850K, capacity 6007K, committed 6104K, reserved 1048576K
}
Event: 13,032 GC heap before
{Heap before GC invocations=18 (full 2):
 PSYoungGen      total 283648K, used 267152K [0x00000000d7100000, 0x00000000f0f00000, 0x0000000100000000)
  eden space 262656K, 100% used [0x00000000d7100000,0x00000000e7180000,0x00000000e7180000)
  from space 20992K, 21% used [0x00000000e7180000,0x00000000e75e4030,0x00000000e8600000)
  to   space 20992K, 0% used [0x00000000efa80000,0x00000000efa80000,0x00000000f0f00000)
 ParOldGen       total 105472K, used 31216K [0x0000000085200000, 0x000000008b900000, 0x00000000d7100000)
  object space 105472K, 29% used [0x0000000085200000,0x000000008707c170,0x000000008b900000)
 Metaspace       used 46564K, capacity 47074K, committed 47320K, reserved 1091584K
  class space    used 5851K, capacity 6009K, committed 6104K, reserved 1048576K
Event: 13,040 GC heap after
Heap after GC invocations=18 (full 2):
 PSYoungGen      total 395776K, used 128K [0x00000000d7100000, 0x00000000f0c00000, 0x0000000100000000)
  eden space 377856K, 0% used [0x00000000d7100000,0x00000000d7100000,0x00000000ee200000)
  from space 17920K, 0% used [0x00000000efa80000,0x00000000efaa0000,0x00000000f0c00000)
  to   space 21504K, 0% used [0x00000000ee200000,0x00000000ee200000,0x00000000ef700000)
 ParOldGen       total 105472K, used 35594K [0x0000000085200000, 0x000000008b900000, 0x00000000d7100000)
  object space 105472K, 33% used [0x0000000085200000,0x00000000874c2a90,0x000000008b900000)
 Metaspace       used 46564K, capacity 47074K, committed 47320K, reserved 1091584K
  class space    used 5851K, capacity 6009K, committed 6104K, reserved 1048576K
}
Event: 34,873 GC heap before
{Heap before GC invocations=19 (full 2):
 PSYoungGen      total 395776K, used 377984K [0x00000000d7100000, 0x00000000f0c00000, 0x0000000100000000)
  eden space 377856K, 100% used [0x00000000d7100000,0x00000000ee200000,0x00000000ee200000)
  from space 17920K, 0% used [0x00000000efa80000,0x00000000efaa0000,0x00000000f0c00000)
  to   space 21504K, 0% used [0x00000000ee200000,0x00000000ee200000,0x00000000ef700000)
 ParOldGen       total 105472K, used 35594K [0x0000000085200000, 0x000000008b900000, 0x00000000d7100000)
  object space 105472K, 33% used [0x0000000085200000,0x00000000874c2a90,0x000000008b900000)
 Metaspace       used 46623K, capacity 47202K, committed 47576K, reserved 1091584K
  class space    used 5851K, capacity 6009K, committed 6104K, reserved 1048576K

Deoptimization events (10 events):
Event: 11,673 Thread 0x00007f34c8003000 Uncommon trap: reason=unstable_if action=reinterpret pc=0x00007f350daed7f4 method=java.lang.StringCoding.safeTrim([CILjava/nio/charset/Charset;Z)[C @ 3
Event: 11,774 Thread 0x00007f34c8003000 Uncommon trap: reason=unstable_if action=reinterpret pc=0x00007f350dc7ce08 method=java.util.regex.Pattern.matcher(Ljava/lang/CharSequence;)Ljava/util/regex/Matcher; @ 4
Event: 11,774 Thread 0x00007f34c8003000 Uncommon trap: reason=unstable_if action=reinterpret pc=0x00007f350d7075f0 method=java.util.regex.Matcher.find()Z @ 10
Event: 11,784 Thread 0x00007f34c8003000 Uncommon trap: reason=unstable_if action=reinterpret pc=0x00007f350d29bd90 method=java.lang.String.indexOf([CII[CIII)I @ 27
Event: 11,838 Thread 0x00007f34c8003000 Uncommon trap: reason=class_check action=maybe_recompile pc=0x00007f350d3036bc method=java.util.regex.Matcher.search(I)Z @ 86
Event: 11,838 Thread 0x00007f34c8003000 Uncommon trap: reason=class_check action=maybe_recompile pc=0x00007f350d3036bc method=java.util.regex.Matcher.search(I)Z @ 86
Event: 11,838 Thread 0x00007f34c8003000 Uncommon trap: reason=class_check action=maybe_recompile pc=0x00007f350d3036bc method=java.util.regex.Matcher.search(I)Z @ 86
Event: 11,907 Thread 0x00007f34c8003000 Uncommon trap: reason=unstable_if action=reinterpret pc=0x00007f350d2ecd5c method=java.util.regex.Pattern$BitClass.isSatisfiedBy(I)Z @ 4
Event: 12,004 Thread 0x00007f34c8003000 Uncommon trap: reason=unstable_if action=reinterpret pc=0x00007f350ddd055c method=sun.nio.cs.UTF_8$Encoder.encode([CII[B)I @ 95
Event: 12,658 Thread 0x00007f34c8003000 Uncommon trap: reason=unstable_if action=reinterpret pc=0x00007f350ddd1ccc method=java.util.IdentityHashMap.maskNull(Ljava/lang/Object;)Ljava/lang/Object; @ 1

Classes redefined (0 events):
No events

Internal exceptions (10 events):
Event: 12,262 Thread 0x00007f34c8003000 Exception <a 'java/lang/reflect/InvocationTargetException'> (0x00000000da897018) thrown at [/export/home/tester/jenkins/workspace/zulu8-silver-build-rhel64/zulu-src/hotspot/src/share/vm/runtime/reflection.cpp, line 1092]
Event: 12,291 Thread 0x00007f34c8003000 Exception <a 'java/lang/reflect/InvocationTargetException'> (0x00000000dd0cc3e8) thrown at [/export/home/tester/jenkins/workspace/zulu8-silver-build-rhel64/zulu-src/hotspot/src/share/vm/runtime/reflection.cpp, line 1092]
Event: 12,333 Thread 0x00007f34c8003000 Exception <a 'java/lang/reflect/InvocationTargetException'> (0x00000000df900e20) thrown at [/export/home/tester/jenkins/workspace/zulu8-silver-build-rhel64/zulu-src/hotspot/src/share/vm/runtime/reflection.cpp, line 1092]
Event: 12,368 Thread 0x00007f34c8003000 Exception <a 'java/lang/reflect/InvocationTargetException'> (0x00000000e2010478) thrown at [/export/home/tester/jenkins/workspace/zulu8-silver-build-rhel64/zulu-src/hotspot/src/share/vm/runtime/reflection.cpp, line 1092]
Event: 12,422 Thread 0x00007f34c8003000 Exception <a 'java/lang/reflect/InvocationTargetException'> (0x00000000d8fa89d0) thrown at [/export/home/tester/jenkins/workspace/zulu8-silver-build-rhel64/zulu-src/hotspot/src/share/vm/runtime/reflection.cpp, line 1092]
Event: 12,447 Thread 0x00007f34c8003000 Exception <a 'java/lang/reflect/InvocationTargetException'> (0x00000000db6bc328) thrown at [/export/home/tester/jenkins/workspace/zulu8-silver-build-rhel64/zulu-src/hotspot/src/share/vm/runtime/reflection.cpp, line 1092]
Event: 12,482 Thread 0x00007f34c8003000 Exception <a 'java/lang/reflect/InvocationTargetException'> (0x00000000dddd4750) thrown at [/export/home/tester/jenkins/workspace/zulu8-silver-build-rhel64/zulu-src/hotspot/src/share/vm/runtime/reflection.cpp, line 1092]
Event: 12,511 Thread 0x00007f34c8003000 Exception <a 'java/lang/reflect/InvocationTargetException'> (0x00000000e04ea6b0) thrown at [/export/home/tester/jenkins/workspace/zulu8-silver-build-rhel64/zulu-src/hotspot/src/share/vm/runtime/reflection.cpp, line 1092]
Event: 12,584 Thread 0x00007f34c8003000 Exception <a 'java/lang/reflect/InvocationTargetException'> (0x00000000d74a7a80) thrown at [/export/home/tester/jenkins/workspace/zulu8-silver-build-rhel64/zulu-src/hotspot/src/share/vm/runtime/reflection.cpp, line 1092]
Event: 12,658 Thread 0x00007f34c8003000 Implicit null exception at 0x00007f350ddd1b6f to 0x00007f350ddd1cb9

Events (10 events):
Event: 12,754 loading class org/hibernate/internal/util/collections/BoundedConcurrentHashMap$1 done
Event: 12,813 Executing VM operation: ParallelGCFailedAllocation
Event: 12,845 Executing VM operation: ParallelGCFailedAllocation done
Event: 13,032 Executing VM operation: ParallelGCFailedAllocation
Event: 13,040 Executing VM operation: ParallelGCFailedAllocation done
Event: 25,139 Executing VM operation: RevokeBias
Event: 25,306 Executing VM operation: RevokeBias done
Event: 25,656 Thread 0x00007f34bc703800 Thread exited: 0x00007f34bc703800
Event: 25,656 Thread 0x00007f34c02c0000 Thread exited: 0x00007f34c02c0000
Event: 33,547 Executing VM operation: ParallelGCFailedAllocation


Dynamic libraries:
00400000-00401000 r-xp 00000000 08:01 2231489                            /home/user/.sdkman/candidates/java/8.0.172-zulu/bin/java
00600000-00601000 rw-p 00000000 08:01 2231489                            /home/user/.sdkman/candidates/java/8.0.172-zulu/bin/java
00d73000-00d94000 rw-p 00000000 00:00 0                                  [heap]
85200000-8b900000 rw-p 00000000 00:00 0 
8b900000-d7100000 ---p 00000000 00:00 0 
d7100000-f0c00000 rw-p 00000000 00:00 0 
f7480000-100000000 ---p 00000000 00:00 0 
100000000-1005f6000 rw-p 00000000 00:00 0 
1005f6000-140000000 ---p 00000000 00:00 0 
7f34ac000000-7f34ac021000 rw-p 00000000 00:00 0 
7f34ac021000-7f34b0000000 ---p 00000000 00:00 0 
7f34b0000000-7f34b0021000 rw-p 00000000 00:00 0 
7f34b0021000-7f34b4000000 ---p 00000000 00:00 0 
7f34b4000000-7f34b42b0000 rw-p 00000000 00:00 0 
7f34b42b0000-7f34b8000000 ---p 00000000 00:00 0 
7f34b8000000-7f34b8021000 rw-p 00000000 00:00 0 
7f34b8021000-7f34bc000000 ---p 00000000 00:00 0 
7f34bc000000-7f34bd2e0000 rw-p 00000000 00:00 0 
7f34bd2e0000-7f34c0000000 ---p 00000000 00:00 0 
7f34c0000000-7f34c02d2000 rw-p 00000000 00:00 0 
7f34c02d2000-7f34c4000000 ---p 00000000 00:00 0 
7f34c4000000-7f34c4021000 rw-p 00000000 00:00 0 
7f34c4021000-7f34c8000000 ---p 00000000 00:00 0 
7f34c8000000-7f34c8021000 rw-p 00000000 00:00 0 
7f34c8021000-7f34cc000000 ---p 00000000 00:00 0 
7f34cc000000-7f34cc021000 rw-p 00000000 00:00 0 
7f34cc021000-7f34d0000000 ---p 00000000 00:00 0 
7f34d0000000-7f34d0fa1000 rw-p 00000000 00:00 0 
7f34d0fa1000-7f34d4000000 ---p 00000000 00:00 0 
7f34d45ff000-7f34d467f000 rw-p 00000000 00:00 0 
7f34d467f000-7f34d47ff000 ---p 00000000 00:00 0 
7f34d47ff000-7f34d49ff000 rw-p 00000000 00:00 0 
7f34d49ff000-7f34d4bff000 rw-p 00000000 00:00 0 
7f34d4bff000-7f34d4dff000 rw-p 00000000 00:00 0 
7f34d4dff000-7f34d4fff000 rw-p 00000000 00:00 0 
7f34d4fff000-7f34d8000000 rw-p 00000000 00:00 0 
7f34d8000000-7f34d9544000 rw-p 00000000 00:00 0 
7f34d9544000-7f34dc000000 ---p 00000000 00:00 0 
7f34dc000000-7f34dcfa0000 rw-p 00000000 00:00 0 
7f34dcfa0000-7f34e0000000 ---p 00000000 00:00 0 
7f34e0000000-7f34e0021000 rw-p 00000000 00:00 0 
7f34e0021000-7f34e4000000 ---p 00000000 00:00 0 
7f34e4000000-7f34e403d000 rw-p 00000000 00:00 0 
7f34e403d000-7f34e8000000 ---p 00000000 00:00 0 
7f34e8000000-7f34e8021000 rw-p 00000000 00:00 0 
7f34e8021000-7f34ec000000 ---p 00000000 00:00 0 
7f34ec000000-7f34ec021000 rw-p 00000000 00:00 0 
7f34ec021000-7f34f0000000 ---p 00000000 00:00 0 
7f34f0000000-7f34f0282000 rw-p 00000000 00:00 0 
7f34f0282000-7f34f4000000 ---p 00000000 00:00 0 
7f34f41ba000-7f34f43ba000 rw-p 00000000 00:00 0 
7f34f43ba000-7f34f45ba000 rw-p 00000000 00:00 0 
7f34f45ba000-7f34f45bd000 ---p 00000000 00:00 0 
7f34f45bd000-7f34f46bb000 rw-p 00000000 00:00 0 
7f34f46bb000-7f34f46be000 ---p 00000000 00:00 0 
7f34f46be000-7f34f47bc000 rw-p 00000000 00:00 0 
7f34f47bc000-7f34f47bf000 ---p 00000000 00:00 0 
7f34f47bf000-7f34f4abd000 rw-p 00000000 00:00 0 
7f34f4abd000-7f34f4ac0000 ---p 00000000 00:00 0 
7f34f4ac0000-7f34f4dbe000 rw-p 00000000 00:00 0 
7f34f4dbe000-7f34f4dc3000 r--s 002f9000 08:01 2231613                    /home/user/.sdkman/candidates/java/8.0.172-zulu/jre/lib/charsets.jar
7f34f4dc3000-7f34f4dc8000 r--s 0009d000 08:01 2231528                    /home/user/.sdkman/candidates/java/8.0.172-zulu/jre/lib/jsse.jar
7f34f4dc8000-7f34f4fc8000 rw-p 00000000 00:00 0 
7f34f4fc8000-7f34f51c8000 rw-p 00000000 00:00 0 
7f34f51c8000-7f34f53c8000 rw-p 00000000 00:00 0 
7f34f53c8000-7f34f55c8000 rw-p 00000000 00:00 0 
7f34f55c8000-7f34f55d9000 r-xp 00000000 08:01 2231531                    /home/user/.sdkman/candidates/java/8.0.172-zulu/jre/lib/amd64/libnio.so
7f34f55d9000-7f34f57d9000 ---p 00011000 08:01 2231531                    /home/user/.sdkman/candidates/java/8.0.172-zulu/jre/lib/amd64/libnio.so
7f34f57d9000-7f34f57da000 rw-p 00011000 08:01 2231531                    /home/user/.sdkman/candidates/java/8.0.172-zulu/jre/lib/amd64/libnio.so
7f34f57da000-7f34f59da000 rw-p 00000000 00:00 0 
7f34f59da000-7f34f5bda000 rw-p 00000000 00:00 0 
7f34f5bda000-7f34f5dda000 rw-p 00000000 00:00 0 
7f34f5dda000-7f34f5fda000 rw-p 00000000 00:00 0 
7f34f5fda000-7f34f5fdd000 ---p 00000000 00:00 0 
7f34f5fdd000-7f34f60db000 rw-p 00000000 00:00 0 
7f34f60db000-7f34f60e3000 r-xp 00000000 08:01 2231569                    /home/user/.sdkman/candidates/java/8.0.172-zulu/jre/lib/amd64/libmanagement.so
7f34f60e3000-7f34f62e3000 ---p 00008000 08:01 2231569                    /home/user/.sdkman/candidates/java/8.0.172-zulu/jre/lib/amd64/libmanagement.so
7f34f62e3000-7f34f62e4000 rw-p 00008000 08:01 2231569                    /home/user/.sdkman/candidates/java/8.0.172-zulu/jre/lib/amd64/libmanagement.so
7f34f62e4000-7f34f62e7000 ---p 00000000 00:00 0 
7f34f62e7000-7f34f63e5000 rw-p 00000000 00:00 0 
7f34f63e5000-7f34f63e8000 ---p 00000000 00:00 0 
7f34f63e8000-7f34f64e6000 rw-p 00000000 00:00 0 
7f34f64e6000-7f34f64e7000 ---p 00000000 00:00 0 
7f34f64e7000-7f34f65e7000 rw-p 00000000 00:00 0 
7f34f65e7000-7f34f65fd000 r-xp 00000000 08:01 2231549                    /home/user/.sdkman/candidates/java/8.0.172-zulu/jre/lib/amd64/libnet.so
7f34f65fd000-7f34f67fd000 ---p 00016000 08:01 2231549                    /home/user/.sdkman/candidates/java/8.0.172-zulu/jre/lib/amd64/libnet.so
7f34f67fd000-7f34f67fe000 rw-p 00016000 08:01 2231549                    /home/user/.sdkman/candidates/java/8.0.172-zulu/jre/lib/amd64/libnet.so
7f34f67fe000-7f34f6801000 ---p 00000000 00:00 0 
7f34f6801000-7f34f68ff000 rw-p 00000000 00:00 0 
7f34f68ff000-7f34f6900000 ---p 00000000 00:00 0 
7f34f6900000-7f34f6903000 ---p 00000000 00:00 0 
7f34f6903000-7f34f6a00000 rw-p 00000000 00:00 0 
7f34f6a00000-7f34f6a01000 ---p 00000000 00:00 0 
7f34f6a01000-7f34f6a04000 ---p 00000000 00:00 0 
7f34f6a04000-7f34f6b01000 rw-p 00000000 00:00 0 
7f34f6b01000-7f34f6b02000 ---p 00000000 00:00 0 
7f34f6b02000-7f34f6b05000 ---p 00000000 00:00 0 
7f34f6b05000-7f34f6c02000 rw-p 00000000 00:00 0 
7f34f6c02000-7f34f6c05000 ---p 00000000 00:00 0 
7f34f6c05000-7f34f6d03000 rw-p 00000000 00:00 0 
7f34f6d03000-7f34f6d05000 r--s 0001a000 08:01 1575695                    /home/user/Documents/Apps/idea-IU-181.5540.7/lib/idea_rt.jar
7f34f6d05000-7f34f6d1c000 r--s 000fc000 08:01 4463968                    /home/user/.m2/repository/org/springframework/spring-core/4.3.12.RELEASE/spring-core-4.3.12.RELEASE.jar
7f34f6d1c000-7f34f6d1e000 r--s 0008f000 08:01 4463976                    /home/user/.m2/repository/org/webjars/bootstrap/3.3.7/bootstrap-3.3.7.jar
7f34f6d1e000-7f34f6d3e000 r--s 000e6000 08:01 4595961                    /home/user/.m2/repository/org/springframework/boot/spring-boot-autoconfigure/1.5.8.RELEASE/spring-boot-autoconfigure-1.5.8.RELEASE.jar
7f34f6d3e000-7f34f6d4e000 r--s 00095000 08:01 4463965                    /home/user/.m2/repository/org/springframework/boot/spring-boot/1.5.8.RELEASE/spring-boot-1.5.8.RELEASE.jar
7f34f6d4e000-7f34f6d54000 r--s 0002f000 08:01 4463975                    /home/user/.m2/repository/org/springframework/boot/spring-boot-devtools/1.5.8.RELEASE/spring-boot-devtools-1.5.8.RELEASE.jar
7f34f6d54000-7f34f6d63000 r--s 001ae000 08:01 3809232                    /home/user/.m2/repository/com/h2database/h2/1.4.196/h2-1.4.196.jar
7f34f6d63000-7f34f6d6a000 r--s 0009f000 08:01 4463966                    /home/user/.m2/repository/org/postgresql/postgresql/9.4.1212.jre7/postgresql-9.4.1212.jre7.jar
7f34f6d6a000-7f34f6d78000 r--s 000ad000 08:01 4595967                    /home/user/.m2/repository/org/springframework/spring-beans/4.3.12.RELEASE/spring-beans-4.3.12.RELEASE.jar
7f34f6d78000-7f34f6d80000 r--s 0003a000 08:01 6555812                    /home/user/.m2/repository/org/springframework/spring-tx/4.3.12.RELEASE/spring-tx-4.3.12.RELEASE.jar
7f34f6d80000-7f34f6d99000 r--s 000fe000 08:01 4463986                    /home/user/.m2/repository/org/springframework/spring-context/4.3.12.RELEASE/spring-context-4.3.12.RELEASE.jar
7f34f6d99000-7f34f6da3000 r--s 0006b000 08:01 6555792                    /home/user/.m2/repository/org/springframework/spring-orm/4.3.12.RELEASE/spring-orm-4.3.12.RELEASE.jar
7f34f6da3000-7f34f6da6000 ---p 00000000 00:00 0 
7f34f6da6000-7f34f6ea4000 rw-p 00000000 00:00 0 
7f34f6ea4000-7f34f79fa000 r--p 00000000 08:01 2366149                    /usr/lib/locale/locale-archive
7f34f79fa000-7f34f79fd000 ---p 00000000 00:00 0 
7f34f79fd000-7f34f7afb000 rw-p 00000000 00:00 0 
7f34f7afb000-7f34f7afe000 ---p 00000000 00:00 0 
7f34f7afe000-7f34f7bfc000 rw-p 00000000 00:00 0 
7f34f7bfc000-7f34f7bfd000 ---p 00000000 00:00 0 
7f34f7bfd000-7f34f8000000 rw-p 00000000 00:00 0 
7f34f8000000-7f34f8021000 rw-p 00000000 00:00 0 
7f34f8021000-7f34fc000000 ---p 00000000 00:00 0 
7f34fc000000-7f34fc002000 r--s 00062000 08:01 3809214                    /home/user/Documents/chinese-game/Chinese Game/lib/pffy-hanyupinyin-1-7.jar
7f34fc002000-7f34fc005000 r--s 0000c000 08:01 6555805                    /home/user/.m2/repository/org/springframework/spring-aspects/4.3.12.RELEASE/spring-aspects-4.3.12.RELEASE.jar
7f34fc005000-7f34fc018000 r--s 000ad000 08:01 4595953                    /home/user/.m2/repository/org/springframework/data/spring-data-commons/1.13.8.RELEASE/spring-data-commons-1.13.8.RELEASE.jar
7f34fc018000-7f34fc025000 r--s 00089000 08:01 6555814                    /home/user/.m2/repository/org/hibernate/hibernate-entitymanager/5.0.12.Final/hibernate-entitymanager-5.0.12.Final.jar
7f34fc025000-7f34fc08e000 r--s 004f3000 08:01 6555808                    /home/user/.m2/repository/org/hibernate/hibernate-core/5.0.12.Final/hibernate-core-5.0.12.Final.jar
7f34fc08e000-7f3500000000 rw-p 00000000 00:00 0 
7f3500000000-7f3500021000 rw-p 00000000 00:00 0 
7f3500021000-7f3504000000 ---p 00000000 00:00 0 
7f3504000000-7f3504021000 rw-p 00000000 00:00 0 
7f3504021000-7f3508000000 ---p 00000000 00:00 0 
7f3508000000-7f3508022000 rw-p 00000000 00:00 0 
7f3508022000-7f350c000000 ---p 00000000 00:00 0 
7f350c000000-7f350c001000 r--s 00028000 08:01 4463959                    /home/user/.m2/repository/org/webjars/jquery/3.2.1/jquery-3.2.1.jar
7f350c001000-7f350c003000 r--s 00003000 08:01 4984232                    /home/user/.m2/repository/org/slf4j/jcl-over-slf4j/1.7.25/jcl-over-slf4j-1.7.25.jar
7f350c003000-7f350c00a000 r--s 00041000 08:01 4463960                    /home/user/.m2/repository/org/springframework/data/spring-data-jpa/1.11.8.RELEASE/spring-data-jpa-1.11.8.RELEASE.jar
7f350c00a000-7f350c00c000 r--s 00006000 08:01 5899911                    /home/user/.m2/repository/javax/transaction/javax.transaction-api/1.2/javax.transaction-api-1.2.jar
7f350c00c000-7f350c00f000 r--s 00010000 08:01 5510192                    /home/user/.m2/repository/org/hibernate/common/hibernate-commons-annotations/5.0.1.Final/hibernate-commons-annotations-5.0.1.Final.jar
7f350c00f000-7f350c014000 r--s 00048000 08:01 5899908                    /home/user/.m2/repository/dom4j/dom4j/1.6.1/dom4j-1.6.1.jar
7f350c014000-7f350c017000 r--s 0002b000 08:01 6555818                    /home/user/.m2/repository/org/jboss/jandex/2.0.0.Final/jandex-2.0.0.Final.jar
7f350c017000-7f350c01c000 r--s 00068000 08:01 5899905                    /home/user/.m2/repository/antlr/antlr/2.7.7/antlr-2.7.7.jar
7f350c01c000-7f350c026000 r--s 000aa000 08:01 6555821                    /home/user/.m2/repository/org/javassist/javassist/3.21.0-GA/javassist-3.21.0-GA.jar
7f350c026000-7f350c02b000 r--s 00017000 08:01 6555797                    /home/user/.m2/repository/org/hibernate/javax/persistence/hibernate-jpa-2.1-api/1.0.0.Final/hibernate-jpa-2.1-api-1.0.0.Final.jar
7f350c02b000-7f350c02e000 r--s 0000e000 08:01 6555793                    /home/user/.m2/repository/org/jboss/logging/jboss-logging/3.3.1.Final/jboss-logging-3.3.1.Final.jar
7f350c02e000-7f350c038000 r--s 0005f000 08:01 6555816                    /home/user/.m2/repository/org/springframework/spring-jdbc/4.3.12.RELEASE/spring-jdbc-4.3.12.RELEASE.jar
7f350c038000-7f350c039000 r--s 0000b000 08:01 6555806                    /home/user/.m2/repository/org/apache/tomcat/tomcat-juli/8.5.23/tomcat-juli-8.5.23.jar
7f350c039000-7f350c03c000 r--s 00021000 08:01 6555804                    /home/user/.m2/repository/org/apache/tomcat/tomcat-jdbc/8.5.23/tomcat-jdbc-8.5.23.jar
7f350c03c000-7f350c03d000 r--s 00000000 08:01 6555802                    /home/user/.m2/repository/org/springframework/boot/spring-boot-starter-jdbc/1.5.8.RELEASE/spring-boot-starter-jdbc-1.5.8.RELEASE.jar
7f350c03d000-7f350c055000 r--s 001bf000 08:01 6555824                    /home/user/.m2/repository/org/aspectj/aspectjweaver/1.8.11/aspectjweaver-1.8.11.jar
7f350c055000-7f350c05e000 r--s 00054000 08:01 4463974                    /home/user/.m2/repository/org/springframework/spring-aop/4.3.12.RELEASE/spring-aop-4.3.12.RELEASE.jar
7f350c05e000-7f350c05f000 r--s 00000000 08:01 6555798                    /home/user/.m2/repository/org/springframework/boot/spring-boot-starter-aop/1.5.8.RELEASE/spring-boot-starter-aop-1.5.8.RELEASE.jar
7f350c05f000-7f350c060000 r--s 00000000 08:01 6555796                    /home/user/.m2/repository/org/springframework/boot/spring-boot-starter-data-jpa/1.5.8.RELEASE/spring-boot-starter-data-jpa-1.5.8.RELEASE.jar
7f350c060000-7f350c0ac000 r--s 0040e000 08:01 6555795                    /home/user/.m2/repository/org/codehaus/groovy/groovy/2.4.12/groovy-2.4.12.jar
7f350c0ac000-7f350c0af000 r--s 0001a000 08:01 4463961                    /home/user/.m2/repository/nz/net/ultraq/thymeleaf/thymeleaf-layout-dialect/1.4.0/thymeleaf-layout-dialect-1.4.0.jar
7f350c0af000-7f350c0b2000 r--s 00020000 08:01 4200495                    /home/user/.m2/repository/org/unbescape/unbescape/1.1.0.RELEASE/unbescape-1.1.0.RELEASE.jar
7f350c0b2000-7f350c0b5000 r--s 00035000 08:01 4200492                    /home/user/.m2/repository/ognl/ognl/3.0.8/ognl-3.0.8.jar
7f350c0b5000-7f350c0c2000 r--s 000b7000 08:01 4200494                    /home/user/.m2/repository/org/thymeleaf/thymeleaf/2.1.5.RELEASE/thymeleaf-2.1.5.RELEASE.jar
7f350c0c2000-7f350c0c5000 r--s 00034000 08:01 3938636                    /home/user/.m2/repository/org/thymeleaf/thymeleaf-spring4/2.1.5.RELEASE/thymeleaf-spring4-2.1.5.RELEASE.jar
7f350c0c5000-7f350c0d6000 r--s 000cf000 08:01 6555778                    /home/user/.m2/repository/org/springframework/spring-webmvc/4.3.12.RELEASE/spring-webmvc-4.3.12.RELEASE.jar
7f350c0d6000-7f350c0e7000 r--s 000b8000 08:01 5115405                    /home/user/.m2/repository/org/springframework/spring-web/4.3.12.RELEASE/spring-web-4.3.12.RELEASE.jar
7f350c0e7000-7f350c0f9000 r--s 0011e000 08:01 3691236                    /home/user/.m2/repository/com/fasterxml/jackson/core/jackson-databind/2.8.10/jackson-databind-2.8.10.jar
7f350c0f9000-7f350d000000 rw-p 00000000 00:00 0 
7f350d000000-7f350df20000 rwxp 00000000 00:00 0 
7f350df20000-7f351c000000 ---p 00000000 00:00 0 
7f351c000000-7f351c63f000 rw-p 00000000 00:00 0 
7f351c63f000-7f3520000000 ---p 00000000 00:00 0 
7f3520000000-7f3520002000 r--s 00009000 08:01 4199890                    /home/user/.m2/repository/org/slf4j/slf4j-api/1.7.25/slf4j-api-1.7.25.jar
7f3520002000-7f3520007000 r--s 0003c000 08:01 4595974                    /home/user/.m2/repository/org/springframework/spring-expression/4.3.12.RELEASE/spring-expression-4.3.12.RELEASE.jar
7f3520007000-7f352000b000 r--s 00042000 08:01 4595943                    /home/user/.m2/repository/com/fasterxml/jackson/core/jackson-core/2.8.10/jackson-core-2.8.10.jar
7f352000b000-7f352000e000 r--s 0000b000 08:01 4065483                    /home/user/.m2/repository/com/fasterxml/jackson/core/jackson-annotations/2.8.0/jackson-annotations-2.8.0.jar
7f352000e000-7f3520010000 r--s 0000e000 08:01 3816588                    /home/user/.m2/repository/com/fasterxml/classmate/1.3.4/classmate-1.3.4.jar
7f3520010000-7f3520014000 r--s 0000c000 08:01 6555786                    /home/user/.m2/repository/javax/validation/validation-api/1.1.0.Final/validation-api-1.1.0.Final.jar
7f3520014000-7f3520025000 r--s 000a1000 08:01 6555784                    /home/user/.m2/repository/org/hibernate/hibernate-validator/5.3.5.Final/hibernate-validator-5.3.5.Final.jar
7f3520025000-7f352002a000 r--s 00038000 08:01 6555783                    /home/user/.m2/repository/org/apache/tomcat/embed/tomcat-embed-websocket/8.5.23/tomcat-embed-websocket-8.5.23.jar
7f352002a000-7f352002e000 r--s 00037000 08:01 6555781                    /home/user/.m2/repository/org/apache/tomcat/embed/tomcat-embed-el/8.5.23/tomcat-embed-el-8.5.23.jar
7f352002e000-7f3520030000 r--s 00003000 08:01 6555779                    /home/user/.m2/repository/org/apache/tomcat/tomcat-annotations-api/8.5.23/tomcat-annotations-api-8.5.23.jar
7f3520030000-7f3520059000 r--s 002c7000 08:01 6555776                    /home/user/.m2/repository/org/apache/tomcat/embed/tomcat-embed-core/8.5.23/tomcat-embed-core-8.5.23.jar
7f3520059000-7f352005a000 r--s 00000000 08:01 6555775                    /home/user/.m2/repository/org/springframework/boot/spring-boot-starter-tomcat/1.5.8.RELEASE/spring-boot-starter-tomcat-1.5.8.RELEASE.jar
7f352005a000-7f352005b000 r--s 00000000 08:01 4463963                    /home/user/.m2/repository/org/springframework/boot/spring-boot-starter-web/1.5.8.RELEASE/spring-boot-starter-web-1.5.8.RELEASE.jar
7f352005b000-7f3520066000 r--s 0006a000 08:01 6555770                    /home/user/.m2/repository/ch/qos/logback/logback-core/1.1.11/logback-core-1.1.11.jar
7f3520066000-7f3520079000 r--s 00346000 08:01 2231573                    /home/user/.sdkman/candidates/java/8.0.172-zulu/jre/lib/resources.jar
7f3520079000-7f352037c000 rw-p 00000000 00:00 0 
7f352037c000-7f352054c000 r--s 03c60000 08:01 2231603                    /home/user/.sdkman/candidates/java/8.0.172-zulu/jre/lib/rt.jar
7f352054c000-7f3520999000 rw-p 00000000 00:00 0 
7f3520999000-7f352099a000 ---p 00000000 00:00 0 
7f352099a000-7f3520a9a000 rw-p 00000000 00:00 0 
7f3520a9a000-7f3520a9b000 ---p 00000000 00:00 0 
7f3520a9b000-7f3520b9b000 rw-p 00000000 00:00 0 
7f3520b9b000-7f3520b9c000 ---p 00000000 00:00 0 
7f3520b9c000-7f3520c9c000 rw-p 00000000 00:00 0 
7f3520c9c000-7f3520c9d000 ---p 00000000 00:00 0 
7f3520c9d000-7f3520dd1000 rw-p 00000000 00:00 0 
7f3520dd1000-7f352102d000 ---p 00000000 00:00 0 
7f352102d000-7f3521061000 rw-p 00000000 00:00 0 
7f3521061000-7f35212bc000 ---p 00000000 00:00 0 
7f35212bc000-7f352138a000 rw-p 00000000 00:00 0 
7f352138a000-7f3521404000 ---p 00000000 00:00 0 
7f3521404000-7f3521442000 rw-p 00000000 00:00 0 
7f3521442000-7f35217c5000 ---p 00000000 00:00 0 
7f35217c5000-7f35217e0000 r-xp 00000000 08:01 2231555                    /home/user/.sdkman/candidates/java/8.0.172-zulu/jre/lib/amd64/libzip.so
7f35217e0000-7f35219df000 ---p 0001b000 08:01 2231555                    /home/user/.sdkman/candidates/java/8.0.172-zulu/jre/lib/amd64/libzip.so
7f35219df000-7f35219e0000 rw-p 0001a000 08:01 2231555                    /home/user/.sdkman/candidates/java/8.0.172-zulu/jre/lib/amd64/libzip.so
7f35219e0000-7f35219eb000 r-xp 00000000 08:01 6558471                    /lib/x86_64-linux-gnu/libnss_files-2.27.so
7f35219eb000-7f3521bea000 ---p 0000b000 08:01 6558471                    /lib/x86_64-linux-gnu/libnss_files-2.27.so
7f3521bea000-7f3521beb000 r--p 0000a000 08:01 6558471                    /lib/x86_64-linux-gnu/libnss_files-2.27.so
7f3521beb000-7f3521bec000 rw-p 0000b000 08:01 6558471                    /lib/x86_64-linux-gnu/libnss_files-2.27.so
7f3521bec000-7f3521bf2000 rw-p 00000000 00:00 0 
7f3521bf2000-7f3521c09000 r-xp 00000000 08:01 6558465                    /lib/x86_64-linux-gnu/libnsl-2.27.so
7f3521c09000-7f3521e08000 ---p 00017000 08:01 6558465                    /lib/x86_64-linux-gnu/libnsl-2.27.so
7f3521e08000-7f3521e09000 r--p 00016000 08:01 6558465                    /lib/x86_64-linux-gnu/libnsl-2.27.so
7f3521e09000-7f3521e0a000 rw-p 00017000 08:01 6558465                    /lib/x86_64-linux-gnu/libnsl-2.27.so
7f3521e0a000-7f3521e0c000 rw-p 00000000 00:00 0 
7f3521e0c000-7f3521e17000 r-xp 00000000 08:01 6558482                    /lib/x86_64-linux-gnu/libnss_nis-2.27.so
7f3521e17000-7f3522016000 ---p 0000b000 08:01 6558482                    /lib/x86_64-linux-gnu/libnss_nis-2.27.so
7f3522016000-7f3522017000 r--p 0000a000 08:01 6558482                    /lib/x86_64-linux-gnu/libnss_nis-2.27.so
7f3522017000-7f3522018000 rw-p 0000b000 08:01 6558482                    /lib/x86_64-linux-gnu/libnss_nis-2.27.so
7f3522018000-7f3522020000 r-xp 00000000 08:01 6558467                    /lib/x86_64-linux-gnu/libnss_compat-2.27.so
7f3522020000-7f3522220000 ---p 00008000 08:01 6558467                    /lib/x86_64-linux-gnu/libnss_compat-2.27.so
7f3522220000-7f3522221000 r--p 00008000 08:01 6558467                    /lib/x86_64-linux-gnu/libnss_compat-2.27.so
7f3522221000-7f3522222000 rw-p 00009000 08:01 6558467                    /lib/x86_64-linux-gnu/libnss_compat-2.27.so
7f3522222000-7f352222c000 r-xp 00000000 08:01 2231543                    /home/user/.sdkman/candidates/java/8.0.172-zulu/jre/lib/amd64/libinstrument.so
7f352222c000-7f352242b000 ---p 0000a000 08:01 2231543                    /home/user/.sdkman/candidates/java/8.0.172-zulu/jre/lib/amd64/libinstrument.so
7f352242b000-7f352242c000 rw-p 00009000 08:01 2231543                    /home/user/.sdkman/candidates/java/8.0.172-zulu/jre/lib/amd64/libinstrument.so
7f352242c000-7f3522456000 r-xp 00000000 08:01 2231557                    /home/user/.sdkman/candidates/java/8.0.172-zulu/jre/lib/amd64/libjava.so
7f3522456000-7f3522656000 ---p 0002a000 08:01 2231557                    /home/user/.sdkman/candidates/java/8.0.172-zulu/jre/lib/amd64/libjava.so
7f3522656000-7f3522658000 rw-p 0002a000 08:01 2231557                    /home/user/.sdkman/candidates/java/8.0.172-zulu/jre/lib/amd64/libjava.so
7f3522658000-7f3522665000 r-xp 00000000 08:01 2231537                    /home/user/.sdkman/candidates/java/8.0.172-zulu/jre/lib/amd64/libverify.so
7f3522665000-7f3522865000 ---p 0000d000 08:01 2231537                    /home/user/.sdkman/candidates/java/8.0.172-zulu/jre/lib/amd64/libverify.so
7f3522865000-7f3522867000 rw-p 0000d000 08:01 2231537                    /home/user/.sdkman/candidates/java/8.0.172-zulu/jre/lib/amd64/libverify.so
7f3522867000-7f352286e000 r-xp 00000000 08:01 6558522                    /lib/x86_64-linux-gnu/librt-2.27.so
7f352286e000-7f3522a6d000 ---p 00007000 08:01 6558522                    /lib/x86_64-linux-gnu/librt-2.27.so
7f3522a6d000-7f3522a6e000 r--p 00006000 08:01 6558522                    /lib/x86_64-linux-gnu/librt-2.27.so
7f3522a6e000-7f3522a6f000 rw-p 00007000 08:01 6558522                    /lib/x86_64-linux-gnu/librt-2.27.so
7f3522a6f000-7f3522c0c000 r-xp 00000000 08:01 6558444                    /lib/x86_64-linux-gnu/libm-2.27.so
7f3522c0c000-7f3522e0b000 ---p 0019d000 08:01 6558444                    /lib/x86_64-linux-gnu/libm-2.27.so
7f3522e0b000-7f3522e0c000 r--p 0019c000 08:01 6558444                    /lib/x86_64-linux-gnu/libm-2.27.so
7f3522e0c000-7f3522e0d000 rw-p 0019d000 08:01 6558444                    /lib/x86_64-linux-gnu/libm-2.27.so
7f3522e0d000-7f3523a58000 r-xp 00000000 08:01 2231561                    /home/user/.sdkman/candidates/java/8.0.172-zulu/jre/lib/amd64/server/libjvm.so
7f3523a58000-7f3523c57000 ---p 00c4b000 08:01 2231561                    /home/user/.sdkman/candidates/java/8.0.172-zulu/jre/lib/amd64/server/libjvm.so
7f3523c57000-7f3523d27000 rw-p 00c4a000 08:01 2231561                    /home/user/.sdkman/candidates/java/8.0.172-zulu/jre/lib/amd64/server/libjvm.so
7f3523d27000-7f3523d69000 rw-p 00000000 00:00 0 
7f3523d69000-7f3523f50000 r-xp 00000000 08:01 6558381                    /lib/x86_64-linux-gnu/libc-2.27.so
7f3523f50000-7f3524150000 ---p 001e7000 08:01 6558381                    /lib/x86_64-linux-gnu/libc-2.27.so
7f3524150000-7f3524154000 r--p 001e7000 08:01 6558381                    /lib/x86_64-linux-gnu/libc-2.27.so
7f3524154000-7f3524156000 rw-p 001eb000 08:01 6558381                    /lib/x86_64-linux-gnu/libc-2.27.so
7f3524156000-7f352415a000 rw-p 00000000 00:00 0 
7f352415a000-7f352415d000 r-xp 00000000 08:01 6558404                    /lib/x86_64-linux-gnu/libdl-2.27.so
7f352415d000-7f352435c000 ---p 00003000 08:01 6558404                    /lib/x86_64-linux-gnu/libdl-2.27.so
7f352435c000-7f352435d000 r--p 00002000 08:01 6558404                    /lib/x86_64-linux-gnu/libdl-2.27.so
7f352435d000-7f352435e000 rw-p 00003000 08:01 6558404                    /lib/x86_64-linux-gnu/libdl-2.27.so
7f352435e000-7f3524373000 r-xp 00000000 08:01 2232094                    /home/user/.sdkman/candidates/java/8.0.172-zulu/lib/amd64/jli/libjli.so
7f3524373000-7f3524573000 ---p 00015000 08:01 2232094                    /home/user/.sdkman/candidates/java/8.0.172-zulu/lib/amd64/jli/libjli.so
7f3524573000-7f3524574000 rw-p 00015000 08:01 2232094                    /home/user/.sdkman/candidates/java/8.0.172-zulu/lib/amd64/jli/libjli.so
7f3524574000-7f352458e000 r-xp 00000000 08:01 6558514                    /lib/x86_64-linux-gnu/libpthread-2.27.so
7f352458e000-7f352478d000 ---p 0001a000 08:01 6558514                    /lib/x86_64-linux-gnu/libpthread-2.27.so
7f352478d000-7f352478e000 r--p 00019000 08:01 6558514                    /lib/x86_64-linux-gnu/libpthread-2.27.so
7f352478e000-7f352478f000 rw-p 0001a000 08:01 6558514                    /lib/x86_64-linux-gnu/libpthread-2.27.so
7f352478f000-7f3524793000 rw-p 00000000 00:00 0 
7f3524793000-7f35247ba000 r-xp 00000000 08:01 6558353                    /lib/x86_64-linux-gnu/ld-2.27.so
7f35247ba000-7f35247c0000 r--s 0003d000 08:01 6555772                    /home/user/.m2/repository/org/yaml/snakeyaml/1.17/snakeyaml-1.17.jar
7f35247c0000-7f35247c2000 r--s 00004000 08:01 4200488                    /home/user/.m2/repository/org/slf4j/log4j-over-slf4j/1.7.25/log4j-over-slf4j-1.7.25.jar
7f35247c2000-7f35247c4000 r--s 00000000 08:01 4853109                    /home/user/.m2/repository/org/slf4j/jul-to-slf4j/1.7.25/jul-to-slf4j-1.7.25.jar
7f35247c4000-7f35247cb000 r--s 00045000 08:01 6555768                    /home/user/.m2/repository/ch/qos/logback/logback-classic/1.1.11/logback-classic-1.1.11.jar
7f35247cb000-7f35247cc000 r--s 00000000 08:01 4595939                    /home/user/.m2/repository/org/springframework/boot/spring-boot-starter-logging/1.5.8.RELEASE/spring-boot-starter-logging-1.5.8.RELEASE.jar
7f35247cc000-7f352489c000 rw-p 00000000 00:00 0 
7f352489c000-7f352489d000 ---p 00000000 00:00 0 
7f352489d000-7f35248a0000 ---p 00000000 00:00 0 
7f35248a0000-7f352499f000 rw-p 00000000 00:00 0 
7f352499f000-7f35249a0000 r--s 00000000 08:01 4463971                    /home/user/.m2/repository/org/springframework/boot/spring-boot-starter/1.5.8.RELEASE/spring-boot-starter-1.5.8.RELEASE.jar
7f35249a0000-7f35249a1000 r--s 00000000 08:01 4200486                    /home/user/.m2/repository/org/springframework/boot/spring-boot-starter-thymeleaf/1.5.8.RELEASE/spring-boot-starter-thymeleaf-1.5.8.RELEASE.jar
7f35249a1000-7f35249a2000 r--s 00000000 08:01 2231576                    /home/user/.sdkman/candidates/java/8.0.172-zulu/jre/lib/management-agent.jar
7f35249a2000-7f35249a7000 r--s 0009d000 08:01 2231528                    /home/user/.sdkman/candidates/java/8.0.172-zulu/jre/lib/jsse.jar
7f35249a7000-7f35249a9000 r--s 00016000 08:01 2231604                    /home/user/.sdkman/candidates/java/8.0.172-zulu/jre/lib/jce.jar
7f35249a9000-7f35249ae000 r--s 002f9000 08:01 2231613                    /home/user/.sdkman/candidates/java/8.0.172-zulu/jre/lib/charsets.jar
7f35249ae000-7f35249b6000 rw-s 00000000 08:01 5118986                    /tmp/hsperfdata_user/22620
7f35249b6000-7f35249b7000 rw-p 00000000 00:00 0 
7f35249b7000-7f35249b8000 ---p 00000000 00:00 0 
7f35249b8000-7f35249ba000 rw-p 00000000 00:00 0 
7f35249ba000-7f35249bb000 r--p 00027000 08:01 6558353                    /lib/x86_64-linux-gnu/ld-2.27.so
7f35249bb000-7f35249bc000 rw-p 00028000 08:01 6558353                    /lib/x86_64-linux-gnu/ld-2.27.so
7f35249bc000-7f35249bd000 rw-p 00000000 00:00 0 
7ffd2bee8000-7ffd2bf0b000 rw-p 00000000 00:00 0                          [stack]
7ffd2bfa2000-7ffd2bfa5000 r--p 00000000 00:00 0                          [vvar]
7ffd2bfa5000-7ffd2bfa7000 r-xp 00000000 00:00 0                          [vdso]
ffffffffff600000-ffffffffff601000 r-xp 00000000 00:00 0                  [vsyscall]

VM Arguments:
jvm_args: -javaagent:/home/user/Documents/Apps/idea-IU-181.5540.7/lib/idea_rt.jar=34973:/home/user/Documents/Apps/idea-IU-181.5540.7/bin -Dfile.encoding=UTF-8 
java_command: com.chinese.words.ChineseApp
java_class_path (initial): /home/user/.sdkman/candidates/java/8.0.172-zulu/jre/lib/charsets.jar:/home/user/.sdkman/candidates/java/8.0.172-zulu/jre/lib/ext/cldrdata.jar:/home/user/.sdkman/candidates/java/8.0.172-zulu/jre/lib/ext/dnsns.jar:/home/user/.sdkman/candidates/java/8.0.172-zulu/jre/lib/ext/jaccess.jar:/home/user/.sdkman/candidates/java/8.0.172-zulu/jre/lib/ext/localedata.jar:/home/user/.sdkman/candidates/java/8.0.172-zulu/jre/lib/ext/nashorn.jar:/home/user/.sdkman/candidates/java/8.0.172-zulu/jre/lib/ext/sunec.jar:/home/user/.sdkman/candidates/java/8.0.172-zulu/jre/lib/ext/sunjce_provider.jar:/home/user/.sdkman/candidates/java/8.0.172-zulu/jre/lib/ext/sunpkcs11.jar:/home/user/.sdkman/candidates/java/8.0.172-zulu/jre/lib/ext/zipfs.jar:/home/user/.sdkman/candidates/java/8.0.172-zulu/jre/lib/jce.jar:/home/user/.sdkman/candidates/java/8.0.172-zulu/jre/lib/jsse.jar:/home/user/.sdkman/candidates/java/8.0.172-zulu/jre/lib/management-agent.jar:/home/user/.sdkman/candidates/java/8.0.172-zulu/jre/lib/resources.jar:/home/user/.sdkman/candidates/java/8.0.172-zulu/jre/lib/rt.jar:/home/user/Documents/chinese-game/Chinese Game/target/classes:/home/user/.m2/repository/org/springframework/boot/spring-boot-starter-thymeleaf/1.5.8.RELEASE/spring-boot-starter-thymeleaf-1.5.8.RELEASE.jar:/home/user/.m2/repository/org/springframework/boot/spring-boot-starter/1.5.8.RELEASE/spring-boot-starter-1.5.8.RELEASE.jar:/home/user/.m2/repository/org/springframework/boot/spring-boot-starter-logging/1.5.8.RELEASE/spring-boot-starter-logging-1.5.8.RELEASE.jar:/home/user/.m2/repository/ch/qos/logback/logback-classic/1.1.11/logback-classic-1.1.11.jar:/home/user/.m2/repository/ch/qos/logback/logback-core/1.1.11/logback-core-1.1.11.jar:/home/user/.m2/repository/org/slf4j/jul-to-slf4j/1.7.25/jul-to-slf4j-1.7.25.jar:/home/user/.m2/repository/org/slf4j/log4j-over-slf4j/1.7.25/log4j-over-slf4j-1.7.25.jar:/home/user/.m2/repository/org/yaml/snakeyaml/1.17/snakeyaml-1.17.jar:/home/user/.m2/repository/o
Launcher Type: SUN_STANDARD

Environment Variables:
PATH=/usr/local/sbin:/usr/local/bin:/usr/sbin:/usr/bin:/sbin:/bin:/usr/games:/usr/local/games:/snap/bin
USERNAME=user
SHELL=/bin/bash
DISPLAY=:0

Signal Handlers:
SIGSEGV: [libjvm.so+0xa3ef70], sa_mask[0]=11111111011111111101111111111110, sa_flags=SA_RESTART|SA_SIGINFO
SIGBUS: [libjvm.so+0xa3ef70], sa_mask[0]=11111111011111111101111111111110, sa_flags=SA_RESTART|SA_SIGINFO
SIGFPE: [libjvm.so+0x8a8ec0], sa_mask[0]=11111111011111111101111111111110, sa_flags=SA_RESTART|SA_SIGINFO
SIGPIPE: [libjvm.so+0x8a8ec0], sa_mask[0]=11111111011111111101111111111110, sa_flags=SA_RESTART|SA_SIGINFO
SIGXFSZ: [libjvm.so+0x8a8ec0], sa_mask[0]=11111111011111111101111111111110, sa_flags=SA_RESTART|SA_SIGINFO
SIGILL: [libjvm.so+0x8a8ec0], sa_mask[0]=11111111011111111101111111111110, sa_flags=SA_RESTART|SA_SIGINFO
SIGUSR1: SIG_DFL, sa_mask[0]=00000000000000000000000000000000, sa_flags=none
SIGUSR2: [libjvm.so+0x8aa5c0], sa_mask[0]=00100000000000000000000000000000, sa_flags=SA_RESTART|SA_SIGINFO
SIGHUP: [libjvm.so+0x8abcb0], sa_mask[0]=11111111011111111101111111111110, sa_flags=SA_RESTART|SA_SIGINFO
SIGINT: [libjvm.so+0x8abcb0], sa_mask[0]=11111111011111111101111111111110, sa_flags=SA_RESTART|SA_SIGINFO
SIGTERM: [libjvm.so+0x8abcb0], sa_mask[0]=11111111011111111101111111111110, sa_flags=SA_RESTART|SA_SIGINFO
SIGQUIT: [libjvm.so+0x8abcb0], sa_mask[0]=11111111011111111101111111111110, sa_flags=SA_RESTART|SA_SIGINFO


---------------  S Y S T E M  ---------------

OS:DISTRIB_ID=Ubuntu
DISTRIB_RELEASE=18.04
DISTRIB_CODENAME=bionic
DISTRIB_DESCRIPTION="Ubuntu 18.04.1 LTS"

uname:Linux 4.15.0-33-generic #36-Ubuntu SMP Wed Aug 15 16:00:05 UTC 2018 x86_64
libc:glibc 2.27 NPTL 2.27 
rlimit: STACK 8192k, CORE 0k, NPROC 31217, NOFILE 1048576, AS infinity
load average:39,39 10,96 4,39

/proc/meminfo:
MemTotal:        8052168 kB
MemFree:          104368 kB
MemAvailable:       5232 kB
Buffers:             324 kB
Cached:           632064 kB
SwapCached:         2440 kB
Active:          6695240 kB
Inactive:         850856 kB
Active(anon):    6688504 kB
Inactive(anon):   843152 kB
Active(file):       6736 kB
Inactive(file):     7704 kB
Unevictable:         176 kB
Mlocked:             176 kB
SwapTotal:       2097148 kB
SwapFree:              0 kB
Dirty:                40 kB
Writeback:            36 kB
AnonPages:       6912640 kB
Mapped:           281096 kB
Shmem:            617696 kB
Slab:             139124 kB
SReclaimable:      59816 kB
SUnreclaim:        79308 kB
KernelStack:       24304 kB
PageTables:       122464 kB
NFS_Unstable:          0 kB
Bounce:                0 kB
WritebackTmp:          0 kB
CommitLimit:     6123232 kB
Committed_AS:   22625044 kB
VmallocTotal:   34359738367 kB
VmallocUsed:           0 kB
VmallocChunk:          0 kB
HardwareCorrupted:     0 kB
AnonHugePages:         0 kB
ShmemHugePages:        0 kB
ShmemPmdMapped:        0 kB
CmaTotal:              0 kB
CmaFree:               0 kB
HugePages_Total:       0
HugePages_Free:        0
HugePages_Rsvd:        0
HugePages_Surp:        0
Hugepagesize:       2048 kB
DirectMap4k:      409216 kB
DirectMap2M:     7864320 kB


CPU:total 4 (initial active 4) (2 cores per cpu, 2 threads per core) family 6 model 42 stepping 7, cmov, cx8, fxsr, mmx, sse, sse2, sse3, ssse3, sse4.1, sse4.2, popcnt, avx, aes, clmul, ht, tsc, tscinvbit

/proc/cpuinfo:
processor	: 0
vendor_id	: GenuineIntel
cpu family	: 6
model		: 42
model name	: Intel(R) Core(TM) i5-2430M CPU @ 2.40GHz
stepping	: 7
microcode	: 0x2e
cpu MHz		: 2333.190
cache size	: 3072 KB
physical id	: 0
siblings	: 4
core id		: 0
cpu cores	: 2
apicid		: 0
initial apicid	: 0
fpu		: yes
fpu_exception	: yes
cpuid level	: 13
wp		: yes
flags		: fpu vme de pse tsc msr pae mce cx8 apic sep mtrr pge mca cmov pat pse36 clflush dts acpi mmx fxsr sse sse2 ss ht tm pbe syscall nx rdtscp lm constant_tsc arch_perfmon pebs bts nopl xtopology nonstop_tsc cpuid aperfmperf pni pclmulqdq dtes64 monitor ds_cpl vmx est tm2 ssse3 cx16 xtpr pdcm pcid sse4_1 sse4_2 x2apic popcnt tsc_deadline_timer aes xsave avx lahf_lm epb pti ssbd ibrs ibpb stibp tpr_shadow vnmi flexpriority ept vpid xsaveopt dtherm ida arat pln pts flush_l1d
bugs		: cpu_meltdown spectre_v1 spectre_v2 spec_store_bypass l1tf
bogomips	: 4784.29
clflush size	: 64
cache_alignment	: 64
address sizes	: 36 bits physical, 48 bits virtual
power management:

processor	: 1
vendor_id	: GenuineIntel
cpu family	: 6
model		: 42
model name	: Intel(R) Core(TM) i5-2430M CPU @ 2.40GHz
stepping	: 7
microcode	: 0x2e
cpu MHz		: 2495.261
cache size	: 3072 KB
physical id	: 0
siblings	: 4
core id		: 0
cpu cores	: 6
apicid		: 1
initial apicid	: 1
fpu		: yes
fpu_exception	: yes
cpuid level	: 13
wp		: yes
flags		: fpu vme de pse tsc msr pae mce cx8 apic sep mtrr pge mca cmov pat pse36 clflush dts acpi mmx fxsr sse sse2 ss ht tm pbe syscall nx rdtscp lm constant_tsc arch_perfmon pebs bts nopl xtopology nonstop_tsc cpuid aperfmperf pni pclmulqdq dtes64 monitor ds_cpl vmx est tm2 ssse3 cx16 xtpr pdcm pcid sse4_1 sse4_2 x2apic popcnt tsc_deadline_timer aes xsave avx lahf_lm epb pti ssbd ibrs ibpb stibp tpr_shadow vnmi flexpriority ept vpid xsaveopt dtherm ida arat pln pts flush_l1d
bugs		: cpu_meltdown spectre_v1 spectre_v2 spec_store_bypass l1tf
bogomips	: 4784.29
clflush size	: 64
cache_alignment	: 64
address sizes	: 36 bits physical, 48 bits virtual
power management:

processor	: 2
vendor_id	: GenuineIntel
cpu family	: 6
model		: 42
model name	: Intel(R) Core(TM) i5-2430M CPU @ 2.40GHz
stepping	: 7
microcode	: 0x2e
cpu MHz		: 2563.132
cache size	: 3072 KB
physical id	: 0
siblings	: 4
core id		: 1
cpu cores	: 10
apicid		: 2
initial apicid	: 2
fpu		: yes
fpu_exception	: yes
cpuid level	: 13
wp		: yes
flags		: fpu vme de pse tsc msr pae mce cx8 apic sep mtrr pge mca cmov pat pse36 clflush dts acpi mmx fxsr sse sse2 ss ht tm pbe syscall nx rdtscp lm constant_tsc arch_perfmon pebs bts nopl xtopology nonstop_tsc cpuid aperfmperf pni pclmulqdq dtes64 monitor ds_cpl vmx est tm2 ssse3 cx16 xtpr pdcm pcid sse4_1 sse4_2 x2apic popcnt tsc_deadline_timer aes xsave avx lahf_lm epb pti ssbd ibrs ibpb stibp tpr_shadow vnmi flexpriority ept vpid xsaveopt dtherm ida arat pln pts flush_l1d
bugs		: cpu_meltdown spectre_v1 spectre_v2 spec_store_bypass l1tf
bogomips	: 4784.29
clflush size	: 64
cache_alignment	: 64
address sizes	: 36 bits physical, 48 bits virtual
power management:

processor	: 3
vendor_id	: GenuineIntel
cpu family	: 6
model		: 42
model name	: Intel(R) Core(TM) i5-2430M CPU @ 2.40GHz
stepping	: 7
microcode	: 0x2e
cpu MHz		: 2453.719
cache size	: 3072 KB
physical id	: 0
siblings	: 4
core id		: 1
cpu cores	: 2
apicid		: 3
initial apicid	: 3
fpu		: yes
fpu_exception	: yes
cpuid level	: 13
wp		: yes
flags		: fpu vme de pse tsc msr pae mce cx8 apic sep mtrr pge mca cmov pat pse36 clflush dts acpi mmx fxsr sse sse2 ss ht tm pbe syscall nx rdtscp lm constant_tsc arch_perfmon pebs bts nopl xtopology nonstop_tsc cpuid aperfmperf pni pclmulqdq dtes64 monitor ds_cpl vmx est tm2 ssse3 cx16 xtpr pdcm pcid sse4_1 sse4_2 x2apic popcnt tsc_deadline_timer aes xsave avx lahf_lm epb pti ssbd ibrs ibpb stibp tpr_shadow vnmi flexpriority ept vpid xsaveopt dtherm ida arat pln pts flush_l1d
bugs		: cpu_meltdown spectre_v1 spectre_v2 spec_store_bypass l1tf
bogomips	: 4784.29
clflush size	: 64
cache_alignment	: 64
address sizes	: 36 bits physical, 48 bits virtual
power management:



Memory: 4k page, physical 8052168k(103316k free), swap 2097148k(0k free)

vm_info: OpenJDK 64-Bit Server VM (25.172-b01) for linux-amd64 JRE (1.8.0_172-b01), built on Apr 18 2018 12:57:33 by "zulu_re" with gcc 4.4.7 20120313 (Red Hat 4.4.7-3)

time: Thu Aug 30 15:13:37 2018
elapsed time: 53 seconds (0d 0h 0m 53s)

